[0mCompiling "target/cljsbuild/public/js/app.js" from ["src/cljs" "src/cljc" "env/dev/cljs"]...[0m
[32mSuccessfully compiled "target/cljsbuild/public/js/app.js" in 3.109 seconds.[0m
notifying browser that file changed:  target/cljsbuild/public/js/out/goog/deps.js
notifying browser that file changed:  target/cljsbuild/public/js/out/cljs_deps.js
notifying browser that file changed:  out/poytikset/core.js
[0mCompiling "target/cljsbuild/public/js/app.js" from ["src/cljs" "src/cljc" "env/dev/cljs"]...[0m
[32mSuccessfully compiled "target/cljsbuild/public/js/app.js" in 1.439 seconds.[0m
notifying browser that file changed:  out/poytikset/core.js
[0mCompiling "target/cljsbuild/public/js/app.js" from ["src/cljs" "src/cljc" "env/dev/cljs"]...[0m
[32mSuccessfully compiled "target/cljsbuild/public/js/app.js" in 1.379 seconds.[0m
notifying browser that file changed:  out/poytikset/core.js
[0mCompiling "target/cljsbuild/public/js/app.js" from ["src/cljs" "src/cljc" "env/dev/cljs"]...[0m
[32mSuccessfully compiled "target/cljsbuild/public/js/app.js" in 1.564 seconds.[0m
notifying browser that file changed:  out/poytikset/core.js
[0mCompiling "target/cljsbuild/public/js/app.js" from ["src/cljs" "src/cljc" "env/dev/cljs"]...[0m
[32mSuccessfully compiled "target/cljsbuild/public/js/app.js" in 1.299 seconds.[0m
notifying browser that file changed:  out/poytikset/core.js
[0mCompiling "target/cljsbuild/public/js/app.js" from ["src/cljs" "src/cljc" "env/dev/cljs"]...[0m
[32mSuccessfully compiled "target/cljsbuild/public/js/app.js" in 0.665 seconds.[0m
notifying browser that file changed:  out/poytikset/core.js
[0mCompiling "target/cljsbuild/public/js/app.js" from ["src/cljs" "src/cljc" "env/dev/cljs"]...[0m
[32mSuccessfully compiled "target/cljsbuild/public/js/app.js" in 1.217 seconds.[0m
notifying browser that file changed:  out/poytikset/core.js
[0mCompiling "target/cljsbuild/public/js/app.js" from ["src/cljs" "src/cljc" "env/dev/cljs"]...[0m
[32mSuccessfully compiled "target/cljsbuild/public/js/app.js" in 0.747 seconds.[0m
notifying browser that file changed:  out/poytikset/core.js
[0mCompiling "target/cljsbuild/public/js/app.js" from ["src/cljs" "src/cljc" "env/dev/cljs"]...[0m
[32mSuccessfully compiled "target/cljsbuild/public/js/app.js" in 0.89 seconds.[0m
notifying browser that file changed:  out/poytikset/core.js
[0mCompiling "target/cljsbuild/public/js/app.js" from ["src/cljs" "src/cljc" "env/dev/cljs"]...[0m
[32mSuccessfully compiled "target/cljsbuild/public/js/app.js" in 0.493 seconds.[0m
[0mCompiling "target/cljsbuild/public/js/app.js" from ["src/cljs" "src/cljc" "env/dev/cljs"]...[0m
[32mSuccessfully compiled "target/cljsbuild/public/js/app.js" in 1.07 seconds.[0m
notifying browser that file changed:  out/poytikset/core.js
[0mCompiling "target/cljsbuild/public/js/app.js" from ["src/cljs" "src/cljc" "env/dev/cljs"]...[0m
[32mSuccessfully compiled "target/cljsbuild/public/js/app.js" in 0.895 seconds.[0m
notifying browser that file changed:  out/poytikset/core.js
[0mCompiling "target/cljsbuild/public/js/app.js" from ["src/cljs" "src/cljc" "env/dev/cljs"]...[0m
[32mSuccessfully compiled "target/cljsbuild/public/js/app.js" in 0.715 seconds.[0m
notifying browser that file changed:  out/poytikset/core.js
[0mCompiling "target/cljsbuild/public/js/app.js" from ["src/cljs" "src/cljc" "env/dev/cljs"]...[0m
[32mSuccessfully compiled "target/cljsbuild/public/js/app.js" in 0.82 seconds.[0m
notifying browser that file changed:  out/poytikset/core.js
[0mCompiling "target/cljsbuild/public/js/app.js" from ["src/cljs" "src/cljc" "env/dev/cljs"]...[0m
[31mFailed to compile "target/cljsbuild/public/js/app.js" in 0.567 seconds.[0m
[36m----  Could not Analyze  src/cljs/poytikset/core.cljs   line:47  column:1  ----[0m

  [1mUnable to resolve var: about-page in this context at line 47 src/cljs/poytikset/core.cljs[0m

  [36m45[0m  [36m              {:__html (md->html docs)}}]]])])[0m
  [36m46[0m  [36m[0m
  [33m47[0m  [1m(def pages[0m
  [0m  [0m  [33m^--- Unable to resolve var: about-page in this context at line 47 src/cljs/poytikset/core.cljs[0m
  [36m48[0m  [36m  {:home #'home-page[0m
  [36m49[0m  [36m   :about #'about-page})[0m

[36m----  Analysis Error : Please see src/cljs/poytikset/core.cljs  ----[0m
[0mCompiling "target/cljsbuild/public/js/app.js" from ["src/cljs" "src/cljc" "env/dev/cljs"]...[0m
[32mSuccessfully compiled "target/cljsbuild/public/js/app.js" in 0.782 seconds.[0m
notifying browser that file changed:  out/poytikset/core.js
[0mCompiling "target/cljsbuild/public/js/app.js" from ["src/cljs" "src/cljc" "env/dev/cljs"]...[0m
[31mFailed to compile "target/cljsbuild/public/js/app.js" in 0.467 seconds.[0m
[36m----  Could not Analyze  src/cljs/poytikset/core.cljs   line:47  column:1  ----[0m

  [1mUnable to resolve var: about-page in this context at line 47 src/cljs/poytikset/core.cljs[0m

  [36m45[0m  [36m              {:__html (md->html docs)}}]]])])[0m
  [36m46[0m  [36m[0m
  [33m47[0m  [1m(def pages[0m
  [0m  [0m  [33m^--- Unable to resolve var: about-page in this context at line 47 src/cljs/poytikset/core.cljs[0m
  [36m48[0m  [36m  {:home #'home-page[0m
  [36m49[0m  [36m   :about #'about-page})[0m

[36m----  Analysis Error : Please see src/cljs/poytikset/core.cljs  ----[0m
[0mCompiling "target/cljsbuild/public/js/app.js" from ["src/cljs" "src/cljc" "env/dev/cljs"]...[0m
[31mFailed to compile "target/cljsbuild/public/js/app.js" in 0.519 seconds.[0m
[36m----  Could not Analyze  src/cljs/poytikset/core.cljs   line:47  column:1  ----[0m

  [1mUnable to resolve var: about-page in this context at line 47 src/cljs/poytikset/core.cljs[0m

  [36m45[0m  [36m              {:__html (md->html docs)}}]]])])[0m
  [36m46[0m  [36m[0m
  [33m47[0m  [1m(def pages[0m
  [0m  [0m  [33m^--- Unable to resolve var: about-page in this context at line 47 src/cljs/poytikset/core.cljs[0m
  [36m48[0m  [36m  {:home #'home-page[0m
  [36m49[0m  [36m   :about #'about-page})[0m

[36m----  Analysis Error : Please see src/cljs/poytikset/core.cljs  ----[0m
[0mCompiling "target/cljsbuild/public/js/app.js" from ["src/cljs" "src/cljc" "env/dev/cljs"]...[0m
[32mSuccessfully compiled "target/cljsbuild/public/js/app.js" in 0.433 seconds.[0m
[0mCompiling "target/cljsbuild/public/js/app.js" from ["src/cljs" "src/cljc" "env/dev/cljs"]...[0m
[32mSuccessfully compiled "target/cljsbuild/public/js/app.js" in 0.481 seconds.[0m
notifying browser that file changed:  out/poytikset/core.js
[0mCompiling "target/cljsbuild/public/js/app.js" from ["src/cljs" "src/cljc" "env/dev/cljs"]...[0m
[32mSuccessfully compiled "target/cljsbuild/public/js/app.js" in 0.436 seconds.[0m
notifying browser that file changed:  out/poytikset/core.js
[0mCompiling "target/cljsbuild/public/js/app.js" from ["src/cljs" "src/cljc" "env/dev/cljs"]...[0m
[32mSuccessfully compiled "target/cljsbuild/public/js/app.js" in 0.666 seconds.[0m
notifying browser that file changed:  out/poytikset/core.js
[0mCompiling "target/cljsbuild/public/js/app.js" from ["src/cljs" "src/cljc" "env/dev/cljs"]...[0m
[32mSuccessfully compiled "target/cljsbuild/public/js/app.js" in 0.51 seconds.[0m
notifying browser that file changed:  out/poytikset/core.js
[0mCompiling "target/cljsbuild/public/js/app.js" from ["src/cljs" "src/cljc" "env/dev/cljs"]...[0m
[32mSuccessfully compiled "target/cljsbuild/public/js/app.js" in 0.374 seconds.[0m
[0mCompiling "target/cljsbuild/public/js/app.js" from ["src/cljs" "src/cljc" "env/dev/cljs"]...[0m
[32mSuccessfully compiled "target/cljsbuild/public/js/app.js" in 0.493 seconds.[0m
notifying browser that file changed:  out/poytikset/core.js
[0mCompiling "target/cljsbuild/public/js/app.js" from ["src/cljs" "src/cljc" "env/dev/cljs"]...[0m
[32mSuccessfully compiled "target/cljsbuild/public/js/app.js" in 0.502 seconds.[0m
notifying browser that file changed:  out/poytikset/core.js
[0mCompiling "target/cljsbuild/public/js/app.js" from ["src/cljs" "src/cljc" "env/dev/cljs"]...[0m
[32mSuccessfully compiled "target/cljsbuild/public/js/app.js" in 0.716 seconds.[0m
notifying browser that file changed:  out/poytikset/core.js
[0mCompiling "target/cljsbuild/public/js/app.js" from ["src/cljs" "src/cljc" "env/dev/cljs"]...[0m
[36m----  Compiler Warning on   src/cljs/poytikset/core.cljs   line:85  column:4  ----[0m

  [1mUse of undeclared Var poytikset.core/fetch-docs![0m

  [36m81[0m  [36m  (r/render [#'page] (.getElementById js/document "app")))[0m
  [36m82[0m  [36m[0m
  [36m83[0m  [36m(defn init! [][0m
  [36m84[0m  [36m  (load-interceptors!)[0m
  [33m85[0m  [1m  (fetch-docs!)[0m
  [0m  [0m  [33m   ^--- Use of undeclared Var poytikset.core/fetch-docs![0m
  [36m86[0m  [36m  (hook-browser-navigation!)[0m
  [36m87[0m  [36m  (mount-components))[0m

[36m----  Compiler Warning : Please see src/cljs/poytikset/core.cljs  ----[0m
[32mSuccessfully compiled "target/cljsbuild/public/js/app.js" in 0.672 seconds.[0m
notifying browser that file changed:  out/poytikset/core.js
[0mCompiling "target/cljsbuild/public/js/app.js" from ["src/cljs" "src/cljc" "env/dev/cljs"]...[0m
[32mSuccessfully compiled "target/cljsbuild/public/js/app.js" in 0.436 seconds.[0m
notifying browser that file changed:  out/poytikset/core.js
[0mCompiling "target/cljsbuild/public/js/app.js" from ["src/cljs" "src/cljc" "env/dev/cljs"]...[0m
[32mSuccessfully compiled "target/cljsbuild/public/js/app.js" in 0.552 seconds.[0m
notifying browser that file changed:  out/poytikset/core.js
[0mCompiling "target/cljsbuild/public/js/app.js" from ["src/cljs" "src/cljc" "env/dev/cljs"]...[0m
[32mSuccessfully compiled "target/cljsbuild/public/js/app.js" in 0.671 seconds.[0m
notifying browser that file changed:  out/poytikset/core.js
[0mCompiling "target/cljsbuild/public/js/app.js" from ["src/cljs" "src/cljc" "env/dev/cljs"]...[0m
[32mSuccessfully compiled "target/cljsbuild/public/js/app.js" in 0.604 seconds.[0m
notifying browser that file changed:  out/poytikset/core.js
[0mCompiling "target/cljsbuild/public/js/app.js" from ["src/cljs" "src/cljc" "env/dev/cljs"]...[0m
[32mSuccessfully compiled "target/cljsbuild/public/js/app.js" in 0.668 seconds.[0m
notifying browser that file changed:  out/poytikset/core.js
[0mCompiling "target/cljsbuild/public/js/app.js" from ["src/cljs" "src/cljc" "env/dev/cljs"]...[0m
[32mSuccessfully compiled "target/cljsbuild/public/js/app.js" in 0.521 seconds.[0m
[0mCompiling "target/cljsbuild/public/js/app.js" from ["src/cljs" "src/cljc" "env/dev/cljs"]...[0m
[32mSuccessfully compiled "target/cljsbuild/public/js/app.js" in 0.348 seconds.[0m
notifying browser that file changed:  out/poytikset/core.js
[0mCompiling "target/cljsbuild/public/js/app.js" from ["src/cljs" "src/cljc" "env/dev/cljs"]...[0m
[32mSuccessfully compiled "target/cljsbuild/public/js/app.js" in 0.486 seconds.[0m
notifying browser that file changed:  out/poytikset/core.js
[0mCompiling "target/cljsbuild/public/js/app.js" from ["src/cljs" "src/cljc" "env/dev/cljs"]...[0m
[32mSuccessfully compiled "target/cljsbuild/public/js/app.js" in 0.436 seconds.[0m
notifying browser that file changed:  out/poytikset/core.js
[0mCompiling "target/cljsbuild/public/js/app.js" from ["src/cljs" "src/cljc" "env/dev/cljs"]...[0m
[36m----  Compiler Warning on   src/cljs/poytikset/core.cljs   line:83  column:4  ----[0m

  [1mUse of undeclared Var poytikset.core/hook-browser-navigation![0m

  [36m80[0m  [36m(defn init! [][0m
  [36m81[0m  [36m  ;(load-interceptors!)[0m
  [36m82[0m  [36m  ;(fetch-docs!)[0m
  [33m83[0m  [1m  (hook-browser-navigation!)[0m
  [0m  [0m  [33m   ^--- Use of undeclared Var poytikset.core/hook-browser-navigation![0m
  [36m84[0m  [36m  (mount-components))[0m

[36m----  Compiler Warning : Please see src/cljs/poytikset/core.cljs  ----[0m
[32mSuccessfully compiled "target/cljsbuild/public/js/app.js" in 0.723 seconds.[0m
notifying browser that file changed:  out/poytikset/core.js
[0mCompiling "target/cljsbuild/public/js/app.js" from ["src/cljs" "src/cljc" "env/dev/cljs"]...[0m
[32mSuccessfully compiled "target/cljsbuild/public/js/app.js" in 0.442 seconds.[0m
[0mCompiling "target/cljsbuild/public/js/app.js" from ["src/cljs" "src/cljc" "env/dev/cljs"]...[0m
[32mSuccessfully compiled "target/cljsbuild/public/js/app.js" in 0.282 seconds.[0m
notifying browser that file changed:  out/poytikset/core.js
[0mCompiling "target/cljsbuild/public/js/app.js" from ["src/cljs" "src/cljc" "env/dev/cljs"]...[0m
[32mSuccessfully compiled "target/cljsbuild/public/js/app.js" in 0.401 seconds.[0m
notifying browser that file changed:  out/poytikset/core.js
[0mCompiling "target/cljsbuild/public/js/app.js" from ["src/cljs" "src/cljc" "env/dev/cljs"]...[0m
[32mSuccessfully compiled "target/cljsbuild/public/js/app.js" in 0.387 seconds.[0m
notifying browser that file changed:  out/poytikset/core.js
[0mCompiling "target/cljsbuild/public/js/app.js" from ["src/cljs" "src/cljc" "env/dev/cljs"]...[0m
[32mSuccessfully compiled "target/cljsbuild/public/js/app.js" in 0.537 seconds.[0m
notifying browser that file changed:  out/poytikset/core.js
[0mCompiling "target/cljsbuild/public/js/app.js" from ["src/cljs" "src/cljc" "env/dev/cljs"]...[0m
[32mSuccessfully compiled "target/cljsbuild/public/js/app.js" in 0.495 seconds.[0m
notifying browser that file changed:  out/poytikset/core.js
[0mCompiling "target/cljsbuild/public/js/app.js" from ["src/cljs" "src/cljc" "env/dev/cljs"]...[0m
[32mSuccessfully compiled "target/cljsbuild/public/js/app.js" in 0.604 seconds.[0m
notifying browser that file changed:  out/poytikset/core.js
[0mCompiling "target/cljsbuild/public/js/app.js" from ["src/cljs" "src/cljc" "env/dev/cljs"]...[0m
[32mSuccessfully compiled "target/cljsbuild/public/js/app.js" in 0.512 seconds.[0m
notifying browser that file changed:  out/poytikset/core.js
[0mCompiling "target/cljsbuild/public/js/app.js" from ["src/cljs" "src/cljc" "env/dev/cljs"]...[0m
[32mSuccessfully compiled "target/cljsbuild/public/js/app.js" in 0.459 seconds.[0m
notifying browser that file changed:  out/poytikset/core.js
[0mCompiling "target/cljsbuild/public/js/app.js" from ["src/cljs" "src/cljc" "env/dev/cljs"]...[0m
[32mSuccessfully compiled "target/cljsbuild/public/js/app.js" in 0.503 seconds.[0m
notifying browser that file changed:  out/poytikset/core.js
[0mCompiling "target/cljsbuild/public/js/app.js" from ["src/cljs" "src/cljc" "env/dev/cljs"]...[0m
[32mSuccessfully compiled "target/cljsbuild/public/js/app.js" in 0.308 seconds.[0m
[0mCompiling "target/cljsbuild/public/js/app.js" from ["src/cljs" "src/cljc" "env/dev/cljs"]...[0m
[32mSuccessfully compiled "target/cljsbuild/public/js/app.js" in 0.491 seconds.[0m
notifying browser that file changed:  out/poytikset/core.js
[0mCompiling "target/cljsbuild/public/js/app.js" from ["src/cljs" "src/cljc" "env/dev/cljs"]...[0m
[32mSuccessfully compiled "target/cljsbuild/public/js/app.js" in 0.451 seconds.[0m
notifying browser that file changed:  out/poytikset/core.js
[0mCompiling "target/cljsbuild/public/js/app.js" from ["src/cljs" "src/cljc" "env/dev/cljs"]...[0m
[32mSuccessfully compiled "target/cljsbuild/public/js/app.js" in 0.411 seconds.[0m
notifying browser that file changed:  out/poytikset/core.js
[0mCompiling "target/cljsbuild/public/js/app.js" from ["src/cljs" "src/cljc" "env/dev/cljs"]...[0m
[32mSuccessfully compiled "target/cljsbuild/public/js/app.js" in 0.41 seconds.[0m
notifying browser that file changed:  out/poytikset/core.js
[0mCompiling "target/cljsbuild/public/js/app.js" from ["src/cljs" "src/cljc" "env/dev/cljs"]...[0m
[32mSuccessfully compiled "target/cljsbuild/public/js/app.js" in 0.367 seconds.[0m
notifying browser that file changed:  out/poytikset/core.js
[0mCompiling "target/cljsbuild/public/js/app.js" from ["src/cljs" "src/cljc" "env/dev/cljs"]...[0m
[32mSuccessfully compiled "target/cljsbuild/public/js/app.js" in 0.442 seconds.[0m
notifying browser that file changed:  out/poytikset/core.js
[0mCompiling "target/cljsbuild/public/js/app.js" from ["src/cljs" "src/cljc" "env/dev/cljs"]...[0m
[32mSuccessfully compiled "target/cljsbuild/public/js/app.js" in 0.389 seconds.[0m
notifying browser that file changed:  out/poytikset/core.js
[0mCompiling "target/cljsbuild/public/js/app.js" from ["src/cljs" "src/cljc" "env/dev/cljs"]...[0m
[32mSuccessfully compiled "target/cljsbuild/public/js/app.js" in 1.646 seconds.[0m
notifying browser that file changed:  out/poytikset/core.js
[0mCompiling "target/cljsbuild/public/js/app.js" from ["src/cljs" "src/cljc" "env/dev/cljs"]...[0m
[32mSuccessfully compiled "target/cljsbuild/public/js/app.js" in 0.617 seconds.[0m
notifying browser that file changed:  out/poytikset/core.js
[0mCompiling "target/cljsbuild/public/js/app.js" from ["src/cljs" "src/cljc" "env/dev/cljs"]...[0m
[36m----  Compiler Warning on   src/cljs/poytikset/core.cljs   line:19  column:21  ----[0m

  [1mNo such namespace: session, could not locate session.cljs, session.cljc, or Closure namespace ""[0m

  [36m15[0m  [36m [:p [:a.btn.btn-primary.btn-lg {:href "http://yoha.daug.net/"} "Wii!"]]][0m
  [36m16[0m  [36m[:div.row[0m
  [36m17[0m  [36m [:div.col-md-12[0m
  [36m18[0m  [36m  [:h2 "CLJS renderöi tän."]]][0m
  [33m19[0m  [1m(when-let [docs (session/get :docs)][0m
  [0m  [0m  [33m                 ^--- No such namespace: session, could not locate session.cljs, session.cljc, or Closure namespace ""[0m
  [36m20[0m  [36m  [:div.row[0m
  [36m21[0m  [36m   [:div.col-md-12[0m
  [36m22[0m  [36m    [:div {:dangerouslySetInnerHTML[0m
  [36m23[0m  [36m           {:__html (md->html docs)}}]]])])[0m

[36m----  Compiler Warning : Please see src/cljs/poytikset/core.cljs  ----[0m
[36m----  Compiler Warning on   src/cljs/poytikset/core.cljs   line:19  column:21  ----[0m

  [1mUse of undeclared Var session/get[0m

  [36m15[0m  [36m [:p [:a.btn.btn-primary.btn-lg {:href "http://yoha.daug.net/"} "Wii!"]]][0m
  [36m16[0m  [36m[:div.row[0m
  [36m17[0m  [36m [:div.col-md-12[0m
  [36m18[0m  [36m  [:h2 "CLJS renderöi tän."]]][0m
  [33m19[0m  [1m(when-let [docs (session/get :docs)][0m
  [0m  [0m  [33m                 ^--- Use of undeclared Var session/get[0m
  [36m20[0m  [36m  [:div.row[0m
  [36m21[0m  [36m   [:div.col-md-12[0m
  [36m22[0m  [36m    [:div {:dangerouslySetInnerHTML[0m
  [36m23[0m  [36m           {:__html (md->html docs)}}]]])])[0m

[36m----  Compiler Warning : Please see src/cljs/poytikset/core.cljs  ----[0m
[36m----  Compiler Warning on   src/cljs/poytikset/core.cljs   line:29  column:12  ----[0m

  [1mNo such namespace: session, could not locate session.cljs, session.cljc, or Closure namespace ""[0m

  [36m25[0m  [36m(def pages[0m
  [36m26[0m  [36m  {:home #'home-page})[0m
  [36m27[0m  [36m[0m
  [36m28[0m  [36m(defn page [][0m
  [33m29[0m  [1m  [(pages (session/get :page))])[0m
  [0m  [0m  [33m           ^--- No such namespace: session, could not locate session.cljs, session.cljc, or Closure namespace ""[0m
  [36m30[0m  [36m[0m
  [36m31[0m  [36m;; -------------------------[0m
  [36m32[0m  [36m;; Routes[0m
  [36m33[0m  [36m;(secretary/set-config! :prefix "#")[0m

[36m----  Compiler Warning : Please see src/cljs/poytikset/core.cljs  ----[0m
[36m----  Compiler Warning on   src/cljs/poytikset/core.cljs   line:29  column:12  ----[0m

  [1mUse of undeclared Var session/get[0m

  [36m25[0m  [36m(def pages[0m
  [36m26[0m  [36m  {:home #'home-page})[0m
  [36m27[0m  [36m[0m
  [36m28[0m  [36m(defn page [][0m
  [33m29[0m  [1m  [(pages (session/get :page))])[0m
  [0m  [0m  [33m           ^--- Use of undeclared Var session/get[0m
  [36m30[0m  [36m[0m
  [36m31[0m  [36m;; -------------------------[0m
  [36m32[0m  [36m;; Routes[0m
  [36m33[0m  [36m;(secretary/set-config! :prefix "#")[0m

[36m----  Compiler Warning : Please see src/cljs/poytikset/core.cljs  ----[0m
[32mSuccessfully compiled "target/cljsbuild/public/js/app.js" in 0.559 seconds.[0m
notifying browser that file changed:  target/cljsbuild/public/js/out/cljs_deps.js
notifying browser that file changed:  out/poytikset/core.js
[0mCompiling "target/cljsbuild/public/js/app.js" from ["src/cljs" "src/cljc" "env/dev/cljs"]...[0m
[32mSuccessfully compiled "target/cljsbuild/public/js/app.js" in 0.377 seconds.[0m
notifying browser that file changed:  out/poytikset/core.js
[0mCompiling "target/cljsbuild/public/js/app.js" from ["src/cljs" "src/cljc" "env/dev/cljs"]...[0m
[36m----  Compiler Warning on   src/cljs/poytikset/core.cljs   line:19  column:21  ----[0m

  [1mNo such namespace: session, could not locate session.cljs, session.cljc, or Closure namespace ""[0m

  [36m15[0m  [36m [:p [:a.btn.btn-primary.btn-lg {:href "http://yoha.daug.net/"} "Wii!"]]][0m
  [36m16[0m  [36m[:div.row[0m
  [36m17[0m  [36m [:div.col-md-12[0m
  [36m18[0m  [36m  [:h2 "CLJS renderöi tän."]]][0m
  [33m19[0m  [1m(when-let [docs (session/get :docs)][0m
  [0m  [0m  [33m                 ^--- No such namespace: session, could not locate session.cljs, session.cljc, or Closure namespace ""[0m
  [36m20[0m  [36m  [:div.row[0m
  [36m21[0m  [36m   [:div.col-md-12[0m
  [36m22[0m  [36m    [:div {:dangerouslySetInnerHTML[0m
  [36m23[0m  [36m           {:__html (md->html docs)}}]]])])[0m

[36m----  Compiler Warning : Please see src/cljs/poytikset/core.cljs  ----[0m
[36m----  Compiler Warning on   src/cljs/poytikset/core.cljs   line:19  column:21  ----[0m

  [1mUse of undeclared Var session/get[0m

  [36m15[0m  [36m [:p [:a.btn.btn-primary.btn-lg {:href "http://yoha.daug.net/"} "Wii!"]]][0m
  [36m16[0m  [36m[:div.row[0m
  [36m17[0m  [36m [:div.col-md-12[0m
  [36m18[0m  [36m  [:h2 "CLJS renderöi tän."]]][0m
  [33m19[0m  [1m(when-let [docs (session/get :docs)][0m
  [0m  [0m  [33m                 ^--- Use of undeclared Var session/get[0m
  [36m20[0m  [36m  [:div.row[0m
  [36m21[0m  [36m   [:div.col-md-12[0m
  [36m22[0m  [36m    [:div {:dangerouslySetInnerHTML[0m
  [36m23[0m  [36m           {:__html (md->html docs)}}]]])])[0m

[36m----  Compiler Warning : Please see src/cljs/poytikset/core.cljs  ----[0m
[36m----  Compiler Warning on   src/cljs/poytikset/core.cljs   line:29  column:12  ----[0m

  [1mNo such namespace: session, could not locate session.cljs, session.cljc, or Closure namespace ""[0m

  [36m25[0m  [36m(def pages[0m
  [36m26[0m  [36m  {:home #'home-page})[0m
  [36m27[0m  [36m[0m
  [36m28[0m  [36m(defn page [][0m
  [33m29[0m  [1m  [(pages (session/get :page))])[0m
  [0m  [0m  [33m           ^--- No such namespace: session, could not locate session.cljs, session.cljc, or Closure namespace ""[0m
  [36m30[0m  [36m[0m
  [36m31[0m  [36m;; -------------------------[0m
  [36m32[0m  [36m;; Routes[0m
  [36m33[0m  [36m;(secretary/set-config! :prefix "#")[0m

[36m----  Compiler Warning : Please see src/cljs/poytikset/core.cljs  ----[0m
[36m----  Compiler Warning on   src/cljs/poytikset/core.cljs   line:29  column:12  ----[0m

  [1mUse of undeclared Var session/get[0m

  [36m25[0m  [36m(def pages[0m
  [36m26[0m  [36m  {:home #'home-page})[0m
  [36m27[0m  [36m[0m
  [36m28[0m  [36m(defn page [][0m
  [33m29[0m  [1m  [(pages (session/get :page))])[0m
  [0m  [0m  [33m           ^--- Use of undeclared Var session/get[0m
  [36m30[0m  [36m[0m
  [36m31[0m  [36m;; -------------------------[0m
  [36m32[0m  [36m;; Routes[0m
  [36m33[0m  [36m;(secretary/set-config! :prefix "#")[0m

[36m----  Compiler Warning : Please see src/cljs/poytikset/core.cljs  ----[0m
[36m----  Compiler Warning on   src/cljs/poytikset/core.cljs   line:35  column:2  ----[0m

  [1mNo such namespace: secretary, could not locate secretary.cljs, secretary.cljc, or Closure namespace ""[0m

  [36m31[0m  [36m;; -------------------------[0m
  [36m32[0m  [36m;; Routes[0m
  [36m33[0m  [36m;(secretary/set-config! :prefix "#")[0m
  [36m34[0m  [36m[0m
  [33m35[0m  [1m(secretary/defroute "/" [][0m
  [0m  [0m  [33m ^--- No such namespace: secretary, could not locate secretary.cljs, secretary.cljc, or Closure namespace ""[0m
  [36m36[0m  [36m  (session/put! :page :home))[0m
  [36m37[0m  [36m[0m
  [36m38[0m  [36m;; -------------------------[0m
  [36m39[0m  [36m;; History[0m
  [36m40[0m  [36m;; must be called after routes have been defined[0m

[36m----  Compiler Warning : Please see src/cljs/poytikset/core.cljs  ----[0m
[36m----  Compiler Warning on   src/cljs/poytikset/core.cljs   line:35  column:2  ----[0m

  [1mUse of undeclared Var secretary/defroute[0m

  [36m31[0m  [36m;; -------------------------[0m
  [36m32[0m  [36m;; Routes[0m
  [36m33[0m  [36m;(secretary/set-config! :prefix "#")[0m
  [36m34[0m  [36m[0m
  [33m35[0m  [1m(secretary/defroute "/" [][0m
  [0m  [0m  [33m ^--- Use of undeclared Var secretary/defroute[0m
  [36m36[0m  [36m  (session/put! :page :home))[0m
  [36m37[0m  [36m[0m
  [36m38[0m  [36m;; -------------------------[0m
  [36m39[0m  [36m;; History[0m
  [36m40[0m  [36m;; must be called after routes have been defined[0m

[36m----  Compiler Warning : Please see src/cljs/poytikset/core.cljs  ----[0m
[36m----  Compiler Warning on   src/cljs/poytikset/core.cljs   line:36  column:4  ----[0m

  [1mNo such namespace: session, could not locate session.cljs, session.cljc, or Closure namespace ""[0m

  [36m32[0m  [36m;; Routes[0m
  [36m33[0m  [36m;(secretary/set-config! :prefix "#")[0m
  [36m34[0m  [36m[0m
  [36m35[0m  [36m(secretary/defroute "/" [][0m
  [33m36[0m  [1m  (session/put! :page :home))[0m
  [0m  [0m  [33m   ^--- No such namespace: session, could not locate session.cljs, session.cljc, or Closure namespace ""[0m
  [36m37[0m  [36m[0m
  [36m38[0m  [36m;; -------------------------[0m
  [36m39[0m  [36m;; History[0m
  [36m40[0m  [36m;; must be called after routes have been defined[0m
  [36m41[0m  [36m(defn hook-browser-navigation! [][0m

[36m----  Compiler Warning : Please see src/cljs/poytikset/core.cljs  ----[0m
[36m----  Compiler Warning on   src/cljs/poytikset/core.cljs   line:36  column:4  ----[0m

  [1mUse of undeclared Var session/put![0m

  [36m32[0m  [36m;; Routes[0m
  [36m33[0m  [36m;(secretary/set-config! :prefix "#")[0m
  [36m34[0m  [36m[0m
  [36m35[0m  [36m(secretary/defroute "/" [][0m
  [33m36[0m  [1m  (session/put! :page :home))[0m
  [0m  [0m  [33m   ^--- Use of undeclared Var session/put![0m
  [36m37[0m  [36m[0m
  [36m38[0m  [36m;; -------------------------[0m
  [36m39[0m  [36m;; History[0m
  [36m40[0m  [36m;; must be called after routes have been defined[0m
  [36m41[0m  [36m(defn hook-browser-navigation! [][0m

[36m----  Compiler Warning : Please see src/cljs/poytikset/core.cljs  ----[0m
[36m----  Compiler Warning on   src/cljs/poytikset/core.cljs   line:46  column:16  ----[0m

  [1mNo such namespace: secretary, could not locate secretary.cljs, secretary.cljc, or Closure namespace ""[0m

  [36m42[0m  [36m  (doto (History.)[0m
  [36m43[0m  [36m        (events/listen[0m
  [36m44[0m  [36m          HistoryEventType/NAVIGATE[0m
  [36m45[0m  [36m          (fn [event][0m
  [33m46[0m  [1m              (secretary/dispatch! (.-token event))))[0m
  [0m  [0m  [33m               ^--- No such namespace: secretary, could not locate secretary.cljs, secretary.cljc, or Closure namespace ""[0m
  [36m47[0m  [36m        (.setEnabled true)))[0m
  [36m48[0m  [36m[0m
  [36m49[0m  [36m;; -------------------------[0m
  [36m50[0m  [36m;; Initialize app[0m
  [36m51[0m  [36m;(defn fetch-docs! [][0m

[36m----  Compiler Warning : Please see src/cljs/poytikset/core.cljs  ----[0m
[36m----  Compiler Warning on   src/cljs/poytikset/core.cljs   line:46  column:16  ----[0m

  [1mUse of undeclared Var secretary/dispatch![0m

  [36m42[0m  [36m  (doto (History.)[0m
  [36m43[0m  [36m        (events/listen[0m
  [36m44[0m  [36m          HistoryEventType/NAVIGATE[0m
  [36m45[0m  [36m          (fn [event][0m
  [33m46[0m  [1m              (secretary/dispatch! (.-token event))))[0m
  [0m  [0m  [33m               ^--- Use of undeclared Var secretary/dispatch![0m
  [36m47[0m  [36m        (.setEnabled true)))[0m
  [36m48[0m  [36m[0m
  [36m49[0m  [36m;; -------------------------[0m
  [36m50[0m  [36m;; Initialize app[0m
  [36m51[0m  [36m;(defn fetch-docs! [][0m

[36m----  Compiler Warning : Please see src/cljs/poytikset/core.cljs  ----[0m
[32mSuccessfully compiled "target/cljsbuild/public/js/app.js" in 0.761 seconds.[0m
notifying browser that file changed:  out/poytikset/core.js
[0mCompiling "target/cljsbuild/public/js/app.js" from ["src/cljs" "src/cljc" "env/dev/cljs"]...[0m
[32mSuccessfully compiled "target/cljsbuild/public/js/app.js" in 0.496 seconds.[0m
notifying browser that file changed:  target/cljsbuild/public/js/out/cljs_deps.js
notifying browser that file changed:  out/poytikset/core.js
[0mCompiling "target/cljsbuild/public/js/app.js" from ["src/cljs" "src/cljc" "env/dev/cljs"]...[0m
[32mSuccessfully compiled "target/cljsbuild/public/js/app.js" in 0.438 seconds.[0m
notifying browser that file changed:  out/poytikset/core.js
[0mCompiling "target/cljsbuild/public/js/app.js" from ["src/cljs" "src/cljc" "env/dev/cljs"]...[0m
[32mSuccessfully compiled "target/cljsbuild/public/js/app.js" in 0.419 seconds.[0m
notifying browser that file changed:  out/poytikset/core.js
[0mCompiling "target/cljsbuild/public/js/app.js" from ["src/cljs" "src/cljc" "env/dev/cljs"]...[0m
[32mSuccessfully compiled "target/cljsbuild/public/js/app.js" in 0.417 seconds.[0m
notifying browser that file changed:  out/poytikset/core.js
[0mCompiling "target/cljsbuild/public/js/app.js" from ["src/cljs" "src/cljc" "env/dev/cljs"]...[0m
[32mSuccessfully compiled "target/cljsbuild/public/js/app.js" in 0.431 seconds.[0m
notifying browser that file changed:  out/poytikset/core.js
[0mCompiling "target/cljsbuild/public/js/app.js" from ["src/cljs" "src/cljc" "env/dev/cljs"]...[0m
[32mSuccessfully compiled "target/cljsbuild/public/js/app.js" in 0.929 seconds.[0m
notifying browser that file changed:  out/poytikset/core.js
[0mCompiling "target/cljsbuild/public/js/app.js" from ["src/cljs" "src/cljc" "env/dev/cljs"]...[0m
[32mSuccessfully compiled "target/cljsbuild/public/js/app.js" in 0.362 seconds.[0m
notifying browser that file changed:  out/poytikset/core.js
[0mCompiling "target/cljsbuild/public/js/app.js" from ["src/cljs" "src/cljc" "env/dev/cljs"]...[0m
[31mFailed to compile "target/cljsbuild/public/js/app.js" in 0.709 seconds.[0m
[36m----  Could not Read  src/cljs/poytikset/core.cljs   line:33  column:1  ----[0m

  [1mEOF while reading, starting at line 33 and column 1[0m

  [36m31[0m  [36m;; Data fetching[0m
  [36m32[0m  [36m[0m
  [33m33[0m  [1m(defn new-sent [][0m
  [0m  [0m  [33m^--- EOF while reading, starting at line 33 and column 1[0m
  [36m34[0m  [36m  (go[0m
  [36m35[0m  [36m    (let [response (<! (http/get "/generate"))]))[0m
  [36m36[0m  [36m;; -------------------------[0m

[36m----  Reader Error : Please see src/cljs/poytikset/core.cljs  ----[0m
[0mCompiling "target/cljsbuild/public/js/app.js" from ["src/cljs" "src/cljc" "env/dev/cljs"]...[0m
[31mFailed to compile "target/cljsbuild/public/js/app.js" in 0.505 seconds.[0m
[36m----  Could not Read  src/cljs/poytikset/core.cljs   line:33  column:1  ----[0m

  [1mEOF while reading, starting at line 33 and column 1[0m

  [36m31[0m  [36m;; Data fetching[0m
  [36m32[0m  [36m[0m
  [33m33[0m  [1m(defn new-sent [][0m
  [0m  [0m  [33m^--- EOF while reading, starting at line 33 and column 1[0m
  [36m34[0m  [36m  (go[0m
  [36m35[0m  [36m    (let [response (<! (http/get "/generate"))][0m
  [36m36[0m  [36m      (.log js/console (response))))[0m

[36m----  Reader Error : Please see src/cljs/poytikset/core.cljs  ----[0m
[0mCompiling "target/cljsbuild/public/js/app.js" from ["src/cljs" "src/cljc" "env/dev/cljs"]...[0m
[32mSuccessfully compiled "target/cljsbuild/public/js/app.js" in 0.654 seconds.[0m
notifying browser that file changed:  target/cljsbuild/public/js/out/goog/deps.js
notifying browser that file changed:  target/cljsbuild/public/js/out/cljs_deps.js
notifying browser that file changed:  out/poytikset/core.js
[0mCompiling "target/cljsbuild/public/js/app.js" from ["src/cljs" "src/cljc" "env/dev/cljs"]...[0m
[32mSuccessfully compiled "target/cljsbuild/public/js/app.js" in 0.446 seconds.[0m
[0mCompiling "target/cljsbuild/public/js/app.js" from ["src/cljs" "src/cljc" "env/dev/cljs"]...[0m
[36m----  Compiler Warning on   src/cljs/poytikset/core.cljs   line:34  column:4  ----[0m

  [1mUse of undeclared Var poytikset.core/go[0m

  [36m30[0m  [36m;; -------------------------[0m
  [36m31[0m  [36m;; Data fetching[0m
  [36m32[0m  [36m[0m
  [36m33[0m  [36m(defn new-sent [][0m
  [33m34[0m  [1m  (go[0m
  [0m  [0m  [33m   ^--- Use of undeclared Var poytikset.core/go[0m
  [36m35[0m  [36m    (let [response (<! (http/get "/generate"))][0m
  [36m36[0m  [36m      (.log js/console (response)))))[0m
  [36m37[0m  [36m;; -------------------------[0m
  [36m38[0m  [36m[0m
  [36m39[0m  [36m;; -------------------------[0m

[36m----  Compiler Warning : Please see src/cljs/poytikset/core.cljs  ----[0m
[32mSuccessfully compiled "target/cljsbuild/public/js/app.js" in 0.801 seconds.[0m
notifying browser that file changed:  out/poytikset/core.js
[0mCompiling "target/cljsbuild/public/js/app.js" from ["src/cljs" "src/cljc" "env/dev/cljs"]...[0m
[32mSuccessfully compiled "target/cljsbuild/public/js/app.js" in 0.502 seconds.[0m
notifying browser that file changed:  out/poytikset/core.js
[0mCompiling "target/cljsbuild/public/js/app.js" from ["src/cljs" "src/cljc" "env/dev/cljs"]...[0m
[32mSuccessfully compiled "target/cljsbuild/public/js/app.js" in 0.465 seconds.[0m
[0mCompiling "target/cljsbuild/public/js/app.js" from ["src/cljs" "src/cljc" "env/dev/cljs"]...[0m
[36m----  Compiler Warning on   src/cljs/poytikset/core.cljs   line:34  column:4  ----[0m

  [1mUse of undeclared Var poytikset.core/go[0m

  [36m30[0m  [36m;; -------------------------[0m
  [36m31[0m  [36m;; Data fetching[0m
  [36m32[0m  [36m[0m
  [36m33[0m  [36m(defn new-sent [][0m
  [33m34[0m  [1m  (go[0m
  [0m  [0m  [33m   ^--- Use of undeclared Var poytikset.core/go[0m
  [36m35[0m  [36m    (let [response (<! (http/get "/generate"))][0m
  [36m36[0m  [36m      (.log js/console (response)))))[0m
  [36m37[0m  [36m;; -------------------------[0m
  [36m38[0m  [36m[0m
  [36m39[0m  [36m;; -------------------------[0m

[36m----  Compiler Warning : Please see src/cljs/poytikset/core.cljs  ----[0m
[32mSuccessfully compiled "target/cljsbuild/public/js/app.js" in 0.653 seconds.[0m
notifying browser that file changed:  out/poytikset/core.js
[0mCompiling "target/cljsbuild/public/js/app.js" from ["src/cljs" "src/cljc" "env/dev/cljs"]...[0m
[32mSuccessfully compiled "target/cljsbuild/public/js/app.js" in 0.393 seconds.[0m
notifying browser that file changed:  out/poytikset/core.js
[0mCompiling "target/cljsbuild/public/js/app.js" from ["src/cljs" "src/cljc" "env/dev/cljs"]...[0m
[36m----  Compiler Warning on   src/cljs/poytikset/core.cljs   line:34  column:4  ----[0m

  [1mUse of undeclared Var poytikset.core/go[0m

  [36m30[0m  [36m;; -------------------------[0m
  [36m31[0m  [36m;; Data fetching[0m
  [36m32[0m  [36m[0m
  [36m33[0m  [36m(defn new-sent [][0m
  [33m34[0m  [1m  (go[0m
  [0m  [0m  [33m   ^--- Use of undeclared Var poytikset.core/go[0m
  [36m35[0m  [36m    (let [response (<! (http/get "/generate"))][0m
  [36m36[0m  [36m      (.log js/console (response)))))[0m
  [36m37[0m  [36m;; -------------------------[0m
  [36m38[0m  [36m[0m
  [36m39[0m  [36m;; -------------------------[0m

[36m----  Compiler Warning : Please see src/cljs/poytikset/core.cljs  ----[0m
[32mSuccessfully compiled "target/cljsbuild/public/js/app.js" in 0.638 seconds.[0m
[0mCompiling "target/cljsbuild/public/js/app.js" from ["src/cljs" "src/cljc" "env/dev/cljs"]...[0m
[32mSuccessfully compiled "target/cljsbuild/public/js/app.js" in 0.582 seconds.[0m
notifying browser that file changed:  out/poytikset/core.js
[0mCompiling "target/cljsbuild/public/js/app.js" from ["src/cljs" "src/cljc" "env/dev/cljs"]...[0m
[32mSuccessfully compiled "target/cljsbuild/public/js/app.js" in 0.52 seconds.[0m
notifying browser that file changed:  out/poytikset/core.js
[0mCompiling "target/cljsbuild/public/js/app.js" from ["src/cljs" "src/cljc" "env/dev/cljs"]...[0m
[32mSuccessfully compiled "target/cljsbuild/public/js/app.js" in 0.46 seconds.[0m
notifying browser that file changed:  out/poytikset/core.js
[0mCompiling "target/cljsbuild/public/js/app.js" from ["src/cljs" "src/cljc" "env/dev/cljs"]...[0m
[36m----  Compiler Warning on   src/cljs/poytikset/core.cljs   line:34  column:4  ----[0m

  [1mUse of undeclared Var poytikset.core/go[0m

  [36m30[0m  [36m;; -------------------------[0m
  [36m31[0m  [36m;; Data fetching[0m
  [36m32[0m  [36m[0m
  [36m33[0m  [36m(defn new-sent [][0m
  [33m34[0m  [1m  (go[0m
  [0m  [0m  [33m   ^--- Use of undeclared Var poytikset.core/go[0m
  [36m35[0m  [36m    (let [response (<! (http/get "/generate"))][0m
  [36m36[0m  [36m      (.log js/console (response)))))[0m
  [36m37[0m  [36m;; -------------------------[0m
  [36m38[0m  [36m[0m
  [36m39[0m  [36m;; -------------------------[0m

[36m----  Compiler Warning : Please see src/cljs/poytikset/core.cljs  ----[0m
[32mSuccessfully compiled "target/cljsbuild/public/js/app.js" in 0.563 seconds.[0m
notifying browser that file changed:  out/poytikset/core.js
[0mCompiling "target/cljsbuild/public/js/app.js" from ["src/cljs" "src/cljc" "env/dev/cljs"]...[0m
[32mSuccessfully compiled "target/cljsbuild/public/js/app.js" in 0.505 seconds.[0m
notifying browser that file changed:  out/poytikset/core.js
[0mCompiling "target/cljsbuild/public/js/app.js" from ["src/cljs" "src/cljc" "env/dev/cljs"]...[0m
[36m----  Compiler Warning on   src/cljs/poytikset/core.cljs   line:34  column:4  ----[0m

  [1mUse of undeclared Var poytikset.core/go[0m

  [36m30[0m  [36m;; -------------------------[0m
  [36m31[0m  [36m;; Data fetching[0m
  [36m32[0m  [36m[0m
  [36m33[0m  [36m(defn new-sent [][0m
  [33m34[0m  [1m  (go[0m
  [0m  [0m  [33m   ^--- Use of undeclared Var poytikset.core/go[0m
  [36m35[0m  [36m    (let [response (<! (http/get "/generate"))][0m
  [36m36[0m  [36m      (.log js/console (response)))))[0m
  [36m37[0m  [36m[0m
  [36m38[0m  [36m;; -------------------------[0m

[36m----  Compiler Warning : Please see src/cljs/poytikset/core.cljs  ----[0m
[32mSuccessfully compiled "target/cljsbuild/public/js/app.js" in 0.514 seconds.[0m
notifying browser that file changed:  out/poytikset/core.js
[0mCompiling "target/cljsbuild/public/js/app.js" from ["src/cljs" "src/cljc" "env/dev/cljs"]...[0m
[32mSuccessfully compiled "target/cljsbuild/public/js/app.js" in 0.459 seconds.[0m
notifying browser that file changed:  out/poytikset/core.js
[0mCompiling "target/cljsbuild/public/js/app.js" from ["src/cljs" "src/cljc" "env/dev/cljs"]...[0m
[32mSuccessfully compiled "target/cljsbuild/public/js/app.js" in 0.338 seconds.[0m
[0mCompiling "target/cljsbuild/public/js/app.js" from ["src/cljs" "src/cljc" "env/dev/cljs"]...[0m
[36m----  Compiler Warning on   src/cljs/poytikset/core.cljs   line:34  column:4  ----[0m

  [1mUse of undeclared Var poytikset.core/go[0m

  [36m30[0m  [36m;; -------------------------[0m
  [36m31[0m  [36m;; Data fetching[0m
  [36m32[0m  [36m[0m
  [36m33[0m  [36m(defn new-sent [][0m
  [33m34[0m  [1m  (go[0m
  [0m  [0m  [33m   ^--- Use of undeclared Var poytikset.core/go[0m
  [36m35[0m  [36m    (let [response (<! (http/get "/generate"))][0m
  [36m36[0m  [36m      (.log js/console (:body response)))))[0m
  [36m37[0m  [36m[0m
  [36m38[0m  [36m;; -------------------------[0m

[36m----  Compiler Warning : Please see src/cljs/poytikset/core.cljs  ----[0m
[32mSuccessfully compiled "target/cljsbuild/public/js/app.js" in 0.503 seconds.[0m
notifying browser that file changed:  out/poytikset/core.js
[0mCompiling "target/cljsbuild/public/js/app.js" from ["src/cljs" "src/cljc" "env/dev/cljs"]...[0m
[32mSuccessfully compiled "target/cljsbuild/public/js/app.js" in 0.422 seconds.[0m
notifying browser that file changed:  out/poytikset/core.js
[0mCompiling "target/cljsbuild/public/js/app.js" from ["src/cljs" "src/cljc" "env/dev/cljs"]...[0m
[36m----  Compiler Warning on   src/cljs/poytikset/core.cljs   line:34  column:4  ----[0m

  [1mUse of undeclared Var poytikset.core/go[0m

  [36m30[0m  [36m;; -------------------------[0m
  [36m31[0m  [36m;; Data fetching[0m
  [36m32[0m  [36m[0m
  [36m33[0m  [36m(defn new-sent [][0m
  [33m34[0m  [1m  (go[0m
  [0m  [0m  [33m   ^--- Use of undeclared Var poytikset.core/go[0m
  [36m35[0m  [36m    ;(let [response (<! (http/get "/generate"))][0m
  [36m36[0m  [36m      (.log js/console (:body response)))))[0m
  [36m37[0m  [36m[0m
  [36m38[0m  [36m;; -------------------------[0m

[36m----  Compiler Warning : Please see src/cljs/poytikset/core.cljs  ----[0m
[36m----  Compiler Warning on   src/cljs/poytikset/core.cljs   line:36  column:31  ----[0m

  [1mUse of undeclared Var poytikset.core/response[0m

  [36m33[0m  [36m(defn new-sent [][0m
  [36m34[0m  [36m  (go[0m
  [36m35[0m  [36m    ;(let [response (<! (http/get "/generate"))][0m
  [33m36[0m  [1m      (.log js/console (:body response)))))[0m
  [0m  [0m  [33m                              ^--- Use of undeclared Var poytikset.core/response[0m
  [36m37[0m  [36m[0m
  [36m38[0m  [36m;; -------------------------[0m
  [36m39[0m  [36m[0m
  [36m40[0m  [36m;; -------------------------[0m
  [36m41[0m  [36m;; Routes[0m

[36m----  Compiler Warning : Please see src/cljs/poytikset/core.cljs  ----[0m
[31mFailed to compile "target/cljsbuild/public/js/app.js" in 0.416 seconds.[0m
[36m----  Could not Read  src/cljs/poytikset/core.cljs   line:36  column:44  ----[0m

  [1mUnmatched delimiter )[0m

  [36m34[0m  [36m  (go[0m
  [36m35[0m  [36m    ;(let [response (<! (http/get "/generate"))][0m
  [33m36[0m  [1m      (.log js/console (:body response)))))[0m
  [0m  [0m  [33m                                           ^--- Unmatched delimiter )[0m
  [36m37[0m  [36m[0m
  [36m38[0m  [36m;; -------------------------[0m

[36m----  Reader Error : Please see src/cljs/poytikset/core.cljs  ----[0m
[0mCompiling "target/cljsbuild/public/js/app.js" from ["src/cljs" "src/cljc" "env/dev/cljs"]...[0m
[32mSuccessfully compiled "target/cljsbuild/public/js/app.js" in 0.536 seconds.[0m
notifying browser that file changed:  out/poytikset/core.js
[0mCompiling "target/cljsbuild/public/js/app.js" from ["src/cljs" "src/cljc" "env/dev/cljs"]...[0m
[36m----  Compiler Warning on   src/cljs/poytikset/core.cljs   line:34  column:4  ----[0m

  [1mUse of undeclared Var poytikset.core/go[0m

  [36m30[0m  [36m;; -------------------------[0m
  [36m31[0m  [36m;; Data fetching[0m
  [36m32[0m  [36m[0m
  [36m33[0m  [36m(defn new-sent [][0m
  [33m34[0m  [1m  (go[0m
  [0m  [0m  [33m   ^--- Use of undeclared Var poytikset.core/go[0m
  [36m35[0m  [36m    ;(let [response (<! (http/get "/generate"))][0m
  [36m36[0m  [36m      (.log js/console (:body response))))[0m
  [36m37[0m  [36m[0m
  [36m38[0m  [36m;; -------------------------[0m

[36m----  Compiler Warning : Please see src/cljs/poytikset/core.cljs  ----[0m
[36m----  Compiler Warning on   src/cljs/poytikset/core.cljs   line:36  column:31  ----[0m

  [1mUse of undeclared Var poytikset.core/response[0m

  [36m33[0m  [36m(defn new-sent [][0m
  [36m34[0m  [36m  (go[0m
  [36m35[0m  [36m    ;(let [response (<! (http/get "/generate"))][0m
  [33m36[0m  [1m      (.log js/console (:body response))))[0m
  [0m  [0m  [33m                              ^--- Use of undeclared Var poytikset.core/response[0m
  [36m37[0m  [36m[0m
  [36m38[0m  [36m;; -------------------------[0m
  [36m39[0m  [36m[0m
  [36m40[0m  [36m;; -------------------------[0m
  [36m41[0m  [36m;; Routes[0m

[36m----  Compiler Warning : Please see src/cljs/poytikset/core.cljs  ----[0m
[32mSuccessfully compiled "target/cljsbuild/public/js/app.js" in 0.64 seconds.[0m
notifying browser that file changed:  out/poytikset/core.js
[0mCompiling "target/cljsbuild/public/js/app.js" from ["src/cljs" "src/cljc" "env/dev/cljs"]...[0m
[32mSuccessfully compiled "target/cljsbuild/public/js/app.js" in 0.54 seconds.[0m
notifying browser that file changed:  out/poytikset/core.js
[0mCompiling "target/cljsbuild/public/js/app.js" from ["src/cljs" "src/cljc" "env/dev/cljs"]...[0m
[32mSuccessfully compiled "target/cljsbuild/public/js/app.js" in 0.32 seconds.[0m
[0mCompiling "target/cljsbuild/public/js/app.js" from ["src/cljs" "src/cljc" "env/dev/cljs"]...[0m
[31mFailed to compile "target/cljsbuild/public/js/app.js" in 0.299 seconds.[0m
[36m----  Could not Read  src/cljs/poytikset/core.cljs   line:33  column:1  ----[0m

  [1mEOF while reading, starting at line 33 and column 1[0m

  [36m31[0m  [36m;; Data fetching[0m
  [36m32[0m  [36m[0m
  [33m33[0m  [1m(defn new-sent [][0m
  [0m  [0m  [33m^--- EOF while reading, starting at line 33 and column 1[0m
  [36m34[0m  [36m  (go[0m
  [36m35[0m  [36m    ;(let [response (<! (http/get "/generate"))][0m
  [36m36[0m  [36m      (.log js/console "moi"))[0m

[36m----  Reader Error : Please see src/cljs/poytikset/core.cljs  ----[0m
[0mCompiling "target/cljsbuild/public/js/app.js" from ["src/cljs" "src/cljc" "env/dev/cljs"]...[0m
[32mSuccessfully compiled "target/cljsbuild/public/js/app.js" in 0.431 seconds.[0m
notifying browser that file changed:  out/poytikset/core.js
[0mCompiling "target/cljsbuild/public/js/app.js" from ["src/cljs" "src/cljc" "env/dev/cljs"]...[0m
[36m----  Compiler Warning on   src/cljs/poytikset/core.cljs   line:34  column:4  ----[0m

  [1mUse of undeclared Var poytikset.core/go[0m

  [36m30[0m  [36m;; -------------------------[0m
  [36m31[0m  [36m;; Data fetching[0m
  [36m32[0m  [36m[0m
  [36m33[0m  [36m(defn new-sent [][0m
  [33m34[0m  [1m  (go[0m
  [0m  [0m  [33m   ^--- Use of undeclared Var poytikset.core/go[0m
  [36m35[0m  [36m    ;(let [response (<! (http/get "/generate"))][0m
  [36m36[0m  [36m      (.log js/console "moi")))[0m
  [36m37[0m  [36m[0m
  [36m38[0m  [36m;; -------------------------[0m

[36m----  Compiler Warning : Please see src/cljs/poytikset/core.cljs  ----[0m
[32mSuccessfully compiled "target/cljsbuild/public/js/app.js" in 0.57 seconds.[0m
notifying browser that file changed:  out/poytikset/core.js
[0mCompiling "target/cljsbuild/public/js/app.js" from ["src/cljs" "src/cljc" "env/dev/cljs"]...[0m
[32mSuccessfully compiled "target/cljsbuild/public/js/app.js" in 0.434 seconds.[0m
notifying browser that file changed:  out/poytikset/core.js
[0mCompiling "target/cljsbuild/public/js/app.js" from ["src/cljs" "src/cljc" "env/dev/cljs"]...[0m
[32mSuccessfully compiled "target/cljsbuild/public/js/app.js" in 0.292 seconds.[0m
[0mCompiling "target/cljsbuild/public/js/app.js" from ["src/cljs" "src/cljc" "env/dev/cljs"]...[0m
[36m----  Compiler Warning on   src/cljs/poytikset/core.cljs   line:34  column:4  ----[0m

  [1mUse of undeclared Var poytikset.core/go[0m

  [36m30[0m  [36m;; -------------------------[0m
  [36m31[0m  [36m;; Data fetching[0m
  [36m32[0m  [36m[0m
  [36m33[0m  [36m(defn new-sent [][0m
  [33m34[0m  [1m  (go[0m
  [0m  [0m  [33m   ^--- Use of undeclared Var poytikset.core/go[0m
  [36m35[0m  [36m    ;(let [response (<! (http/get "/generate"))][0m
  [36m36[0m  [36m      (.log js/console "moi")))[0m
  [36m37[0m  [36m[0m
  [36m38[0m  [36m(defn hit [][0m
  [36m39[0m  [36m  (.log js/console "moikka"))[0m

[36m----  Compiler Warning : Please see src/cljs/poytikset/core.cljs  ----[0m
[32mSuccessfully compiled "target/cljsbuild/public/js/app.js" in 0.462 seconds.[0m
notifying browser that file changed:  out/poytikset/core.js
[0mCompiling "target/cljsbuild/public/js/app.js" from ["src/cljs" "src/cljc" "env/dev/cljs"]...[0m
[36m----  Compiler Warning on   src/cljs/poytikset/core.cljs   line:34  column:4  ----[0m

  [1mUse of undeclared Var poytikset.core/go[0m

  [36m30[0m  [36m;; -------------------------[0m
  [36m31[0m  [36m;; Data fetching[0m
  [36m32[0m  [36m[0m
  [36m33[0m  [36m(defn new-sent [][0m
  [33m34[0m  [1m  (go[0m
  [0m  [0m  [33m   ^--- Use of undeclared Var poytikset.core/go[0m
  [36m35[0m  [36m    ;(let [response (<! (http/get "/generate"))][0m
  [36m36[0m  [36m      (.log js/console "moi")))[0m
  [36m37[0m  [36m[0m
  [36m38[0m  [36m(defn hit [][0m
  [36m39[0m  [36m  (.log js/console "moikka"))[0m

[36m----  Compiler Warning : Please see src/cljs/poytikset/core.cljs  ----[0m
[32mSuccessfully compiled "target/cljsbuild/public/js/app.js" in 0.551 seconds.[0m
notifying browser that file changed:  out/poytikset/core.js
[0mCompiling "target/cljsbuild/public/js/app.js" from ["src/cljs" "src/cljc" "env/dev/cljs"]...[0m
[32mSuccessfully compiled "target/cljsbuild/public/js/app.js" in 0.55 seconds.[0m
notifying browser that file changed:  out/poytikset/core.js
[0mCompiling "target/cljsbuild/public/js/app.js" from ["src/cljs" "src/cljc" "env/dev/cljs"]...[0m
[36m----  Compiler Warning on   src/cljs/poytikset/core.cljs   line:34  column:4  ----[0m

  [1mUse of undeclared Var poytikset.core/go[0m

  [36m30[0m  [36m;; -------------------------[0m
  [36m31[0m  [36m;; Data fetching[0m
  [36m32[0m  [36m[0m
  [36m33[0m  [36m(defn new-sent [][0m
  [33m34[0m  [1m  (go[0m
  [0m  [0m  [33m   ^--- Use of undeclared Var poytikset.core/go[0m
  [36m35[0m  [36m    ;(let [response (<! (http/get "/generate"))][0m
  [36m36[0m  [36m      (.log js/console "moi")))[0m
  [36m37[0m  [36m[0m
  [36m38[0m  [36m(defn hit [][0m
  [36m39[0m  [36m  (.log js/console "moikka"))[0m

[36m----  Compiler Warning : Please see src/cljs/poytikset/core.cljs  ----[0m
[32mSuccessfully compiled "target/cljsbuild/public/js/app.js" in 0.521 seconds.[0m
[0mCompiling "target/cljsbuild/public/js/app.js" from ["src/cljs" "src/cljc" "env/dev/cljs"]...[0m
[32mSuccessfully compiled "target/cljsbuild/public/js/app.js" in 0.353 seconds.[0m
notifying browser that file changed:  out/poytikset/core.js
[0mCompiling "target/cljsbuild/public/js/app.js" from ["src/cljs" "src/cljc" "env/dev/cljs"]...[0m
[36m----  Compiler Warning on   src/cljs/poytikset/core.cljs   line:34  column:4  ----[0m

  [1mUse of undeclared Var poytikset.core/go[0m

  [36m30[0m  [36m;; -------------------------[0m
  [36m31[0m  [36m;; Data fetching[0m
  [36m32[0m  [36m[0m
  [36m33[0m  [36m(defn new-sent [][0m
  [33m34[0m  [1m  (go[0m
  [0m  [0m  [33m   ^--- Use of undeclared Var poytikset.core/go[0m
  [36m35[0m  [36m    ;(let [response (<! (http/get "/generate"))][0m
  [36m36[0m  [36m      (.log js/console "moi")))[0m
  [36m37[0m  [36m[0m
  [36m38[0m  [36m[0m
  [36m39[0m  [36m;; -------------------------[0m

[36m----  Compiler Warning : Please see src/cljs/poytikset/core.cljs  ----[0m
[32mSuccessfully compiled "target/cljsbuild/public/js/app.js" in 0.504 seconds.[0m
notifying browser that file changed:  out/poytikset/core.js
[0mCompiling "target/cljsbuild/public/js/app.js" from ["src/cljs" "src/cljc" "env/dev/cljs"]...[0m
[32mSuccessfully compiled "target/cljsbuild/public/js/app.js" in 0.436 seconds.[0m
notifying browser that file changed:  out/poytikset/core.js
[0mCompiling "target/cljsbuild/public/js/app.js" from ["src/cljs" "src/cljc" "env/dev/cljs"]...[0m
[31mFailed to compile "target/cljsbuild/public/js/app.js" in 0.017 seconds.[0m
[36m----  Could not Analyze  src/cljs/poytikset/core.cljs   line:1  column:1  ----[0m

  [1mOnly :as alias, :refer (names) and :rename {from to} options supported in :require; offending spec: [cljs.core.async.macros [:refer go]] at line 1 src/cljs/poytikset/core.cljs[0m

  [33m1[0m  [1m(ns poytikset.core[0m
  [0m [0m  [33m^--- Only :as alias, :refer (names) and :rename {from to} options supported in :require; offending spec: [cljs.core.async.macros [:refer go]] at line 1 src/cljs/poytikset/core.cljs[0m
  [36m2[0m  [36m  (:require-macros [cljs.core.async.macros [:refer go]])[0m
  [36m3[0m  [36m  (:require [reagent.core :as r][0m
  [36m4[0m  [36m            [reagent.session :as session][0m

[36m----  Analysis Error : Please see src/cljs/poytikset/core.cljs  ----[0m
[0mCompiling "target/cljsbuild/public/js/app.js" from ["src/cljs" "src/cljc" "env/dev/cljs"]...[0m
[31mFailed to compile "target/cljsbuild/public/js/app.js" in 0.01 seconds.[0m
[36m----  Could not Analyze  src/cljs/poytikset/core.cljs   line:1  column:1  ----[0m

  [1mOnly :as alias, :refer (names) and :rename {from to} options supported in :require; offending spec: [cljs.core.async.macros [:refer go]] at line 1 src/cljs/poytikset/core.cljs[0m

  [33m1[0m  [1m(ns poytikset.core[0m
  [0m [0m  [33m^--- Only :as alias, :refer (names) and :rename {from to} options supported in :require; offending spec: [cljs.core.async.macros [:refer go]] at line 1 src/cljs/poytikset/core.cljs[0m
  [36m2[0m  [36m  (:require-macros [cljs.core.async.macros [:refer go]])[0m
  [36m3[0m  [36m  (:require [reagent.core :as r][0m
  [36m4[0m  [36m            [reagent.session :as session][0m

[36m----  Analysis Error : Please see src/cljs/poytikset/core.cljs  ----[0m
[0mCompiling "target/cljsbuild/public/js/app.js" from ["src/cljs" "src/cljc" "env/dev/cljs"]...[0m
[31mFailed to compile "target/cljsbuild/public/js/app.js" in 0.013 seconds.[0m
[36m----  Could not Analyze  src/cljs/poytikset/core.cljs   line:1  column:1  ----[0m

  [1mOnly :as alias, :refer (names) and :rename {from to} options supported in :require; offending spec: [cljs.core.async.macros [:refer go]] at line 1 src/cljs/poytikset/core.cljs[0m

  [33m1[0m  [1m(ns poytikset.core[0m
  [0m [0m  [33m^--- Only :as alias, :refer (names) and :rename {from to} options supported in :require; offending spec: [cljs.core.async.macros [:refer go]] at line 1 src/cljs/poytikset/core.cljs[0m
  [36m2[0m  [36m  (:require-macros [cljs.core.async.macros [:refer go]])[0m
  [36m3[0m  [36m  (:require [reagent.core :as r][0m
  [36m4[0m  [36m            [reagent.session :as session][0m

[36m----  Analysis Error : Please see src/cljs/poytikset/core.cljs  ----[0m
[0mCompiling "target/cljsbuild/public/js/app.js" from ["src/cljs" "src/cljc" "env/dev/cljs"]...[0m
[32mSuccessfully compiled "target/cljsbuild/public/js/app.js" in 0.6 seconds.[0m
[0mCompiling "target/cljsbuild/public/js/app.js" from ["src/cljs" "src/cljc" "env/dev/cljs"]...[0m
[32mSuccessfully compiled "target/cljsbuild/public/js/app.js" in 0.374 seconds.[0m
notifying browser that file changed:  out/poytikset/core.js
[0mCompiling "target/cljsbuild/public/js/app.js" from ["src/cljs" "src/cljc" "env/dev/cljs"]...[0m
[31mFailed to compile "target/cljsbuild/public/js/app.js" in 0.295 seconds.[0m
[36m----  Could not Read  src/cljs/poytikset/core.cljs   line:34  column:1  ----[0m

  [1mEOF while reading, starting at line 34 and column 1[0m

  [36m32[0m  [36m;; Data fetching[0m
  [36m33[0m  [36m[0m
  [33m34[0m  [1m(defn new-sent [][0m
  [0m  [0m  [33m^--- EOF while reading, starting at line 34 and column 1[0m
  [36m35[0m  [36m  (go[0m
  [36m36[0m  [36m    (let [response (<! (http/get "/generate"))][0m
  [36m37[0m  [36m      (.log js/console (:body response))))[0m

[36m----  Reader Error : Please see src/cljs/poytikset/core.cljs  ----[0m
[0mCompiling "target/cljsbuild/public/js/app.js" from ["src/cljs" "src/cljc" "env/dev/cljs"]...[0m
[32mSuccessfully compiled "target/cljsbuild/public/js/app.js" in 0.415 seconds.[0m
notifying browser that file changed:  out/poytikset/core.js
[0mCompiling "target/cljsbuild/public/js/app.js" from ["src/cljs" "src/cljc" "env/dev/cljs"]...[0m
[32mSuccessfully compiled "target/cljsbuild/public/js/app.js" in 0.279 seconds.[0m
[0mCompiling "target/cljsbuild/public/js/app.js" from ["src/cljs" "src/cljc" "env/dev/cljs"]...[0m
[32mSuccessfully compiled "target/cljsbuild/public/js/app.js" in 0.396 seconds.[0m
notifying browser that file changed:  out/poytikset/core.js
[0mCompiling "target/cljsbuild/public/js/app.js" from ["src/cljs" "src/cljc" "env/dev/cljs"]...[0m
[32mSuccessfully compiled "target/cljsbuild/public/js/app.js" in 0.391 seconds.[0m
notifying browser that file changed:  out/poytikset/core.js
[0mCompiling "target/cljsbuild/public/js/app.js" from ["src/cljs" "src/cljc" "env/dev/cljs"]...[0m
[32mSuccessfully compiled "target/cljsbuild/public/js/app.js" in 0.437 seconds.[0m
notifying browser that file changed:  out/poytikset/core.js
[0mCompiling "target/cljsbuild/public/js/app.js" from ["src/cljs" "src/cljc" "env/dev/cljs"]...[0m
[32mSuccessfully compiled "target/cljsbuild/public/js/app.js" in 0.378 seconds.[0m
notifying browser that file changed:  out/poytikset/core.js
[0mCompiling "target/cljsbuild/public/js/app.js" from ["src/cljs" "src/cljc" "env/dev/cljs"]...[0m
[32mSuccessfully compiled "target/cljsbuild/public/js/app.js" in 0.461 seconds.[0m
notifying browser that file changed:  out/poytikset/core.js
[0mCompiling "target/cljsbuild/public/js/app.js" from ["src/cljs" "src/cljc" "env/dev/cljs"]...[0m
[32mSuccessfully compiled "target/cljsbuild/public/js/app.js" in 0.27 seconds.[0m
[0mCompiling "target/cljsbuild/public/js/app.js" from ["src/cljs" "src/cljc" "env/dev/cljs"]...[0m
[32mSuccessfully compiled "target/cljsbuild/public/js/app.js" in 0.321 seconds.[0m
notifying browser that file changed:  out/poytikset/core.js
[0mCompiling "target/cljsbuild/public/js/app.js" from ["src/cljs" "src/cljc" "env/dev/cljs"]...[0m
[32mSuccessfully compiled "target/cljsbuild/public/js/app.js" in 0.338 seconds.[0m
[0mCompiling "target/cljsbuild/public/js/app.js" from ["src/cljs" "src/cljc" "env/dev/cljs"]...[0m
[32mSuccessfully compiled "target/cljsbuild/public/js/app.js" in 0.402 seconds.[0m
notifying browser that file changed:  out/poytikset/core.js
[0mCompiling "target/cljsbuild/public/js/app.js" from ["src/cljs" "src/cljc" "env/dev/cljs"]...[0m
[32mSuccessfully compiled "target/cljsbuild/public/js/app.js" in 0.406 seconds.[0m
notifying browser that file changed:  out/poytikset/core.js
[0mCompiling "target/cljsbuild/public/js/app.js" from ["src/cljs" "src/cljc" "env/dev/cljs"]...[0m
[32mSuccessfully compiled "target/cljsbuild/public/js/app.js" in 0.432 seconds.[0m
notifying browser that file changed:  out/poytikset/core.js
[0mCompiling "target/cljsbuild/public/js/app.js" from ["src/cljs" "src/cljc" "env/dev/cljs"]...[0m
[32mSuccessfully compiled "target/cljsbuild/public/js/app.js" in 0.43 seconds.[0m
notifying browser that file changed:  out/poytikset/core.js
[0mCompiling "target/cljsbuild/public/js/app.js" from ["src/cljs" "src/cljc" "env/dev/cljs"]...[0m
[32mSuccessfully compiled "target/cljsbuild/public/js/app.js" in 0.351 seconds.[0m
notifying browser that file changed:  out/poytikset/core.js
[0mCompiling "target/cljsbuild/public/js/app.js" from ["src/cljs" "src/cljc" "env/dev/cljs"]...[0m
[32mSuccessfully compiled "target/cljsbuild/public/js/app.js" in 0.418 seconds.[0m
notifying browser that file changed:  out/poytikset/core.js
[0mCompiling "target/cljsbuild/public/js/app.js" from ["src/cljs" "src/cljc" "env/dev/cljs"]...[0m
[32mSuccessfully compiled "target/cljsbuild/public/js/app.js" in 0.412 seconds.[0m
notifying browser that file changed:  out/poytikset/core.js
[0mCompiling "target/cljsbuild/public/js/app.js" from ["src/cljs" "src/cljc" "env/dev/cljs"]...[0m
[32mSuccessfully compiled "target/cljsbuild/public/js/app.js" in 0.451 seconds.[0m
notifying browser that file changed:  out/poytikset/core.js
[0mCompiling "target/cljsbuild/public/js/app.js" from ["src/cljs" "src/cljc" "env/dev/cljs"]...[0m
[32mSuccessfully compiled "target/cljsbuild/public/js/app.js" in 0.272 seconds.[0m
[0mCompiling "target/cljsbuild/public/js/app.js" from ["src/cljs" "src/cljc" "env/dev/cljs"]...[0m
[32mSuccessfully compiled "target/cljsbuild/public/js/app.js" in 0.396 seconds.[0m
notifying browser that file changed:  out/poytikset/core.js
[0mCompiling "target/cljsbuild/public/js/app.js" from ["src/cljs" "src/cljc" "env/dev/cljs"]...[0m
[32mSuccessfully compiled "target/cljsbuild/public/js/app.js" in 0.39 seconds.[0m
notifying browser that file changed:  out/poytikset/core.js
[0mCompiling "target/cljsbuild/public/js/app.js" from ["src/cljs" "src/cljc" "env/dev/cljs"]...[0m
[32mSuccessfully compiled "target/cljsbuild/public/js/app.js" in 0.497 seconds.[0m
notifying browser that file changed:  out/poytikset/core.js
[0mCompiling "target/cljsbuild/public/js/app.js" from ["src/cljs" "src/cljc" "env/dev/cljs"]...[0m
[32mSuccessfully compiled "target/cljsbuild/public/js/app.js" in 0.401 seconds.[0m
notifying browser that file changed:  out/poytikset/core.js
[0mCompiling "target/cljsbuild/public/js/app.js" from ["src/cljs" "src/cljc" "env/dev/cljs"]...[0m
[32mSuccessfully compiled "target/cljsbuild/public/js/app.js" in 0.459 seconds.[0m
notifying browser that file changed:  out/poytikset/core.js
[0mCompiling "target/cljsbuild/public/js/app.js" from ["src/cljs" "src/cljc" "env/dev/cljs"]...[0m
[32mSuccessfully compiled "target/cljsbuild/public/js/app.js" in 0.398 seconds.[0m
[0mCompiling "target/cljsbuild/public/js/app.js" from ["src/cljs" "src/cljc" "env/dev/cljs"]...[0m
[32mSuccessfully compiled "target/cljsbuild/public/js/app.js" in 0.334 seconds.[0m
notifying browser that file changed:  out/poytikset/core.js
[0mCompiling "target/cljsbuild/public/js/app.js" from ["src/cljs" "src/cljc" "env/dev/cljs"]...[0m
[32mSuccessfully compiled "target/cljsbuild/public/js/app.js" in 0.506 seconds.[0m
[0mCompiling "target/cljsbuild/public/js/app.js" from ["src/cljs" "src/cljc" "env/dev/cljs"]...[0m
[32mSuccessfully compiled "target/cljsbuild/public/js/app.js" in 0.46 seconds.[0m
notifying browser that file changed:  out/poytikset/core.js
[0mCompiling "target/cljsbuild/public/js/app.js" from ["src/cljs" "src/cljc" "env/dev/cljs"]...[0m
[32mSuccessfully compiled "target/cljsbuild/public/js/app.js" in 0.435 seconds.[0m
notifying browser that file changed:  out/poytikset/core.js
[0mCompiling "target/cljsbuild/public/js/app.js" from ["src/cljs" "src/cljc" "env/dev/cljs"]...[0m
[32mSuccessfully compiled "target/cljsbuild/public/js/app.js" in 0.483 seconds.[0m
notifying browser that file changed:  out/poytikset/core.js
[0mCompiling "target/cljsbuild/public/js/app.js" from ["src/cljs" "src/cljc" "env/dev/cljs"]...[0m
[32mSuccessfully compiled "target/cljsbuild/public/js/app.js" in 0.421 seconds.[0m
notifying browser that file changed:  out/poytikset/core.js
[0mCompiling "target/cljsbuild/public/js/app.js" from ["src/cljs" "src/cljc" "env/dev/cljs"]...[0m
[32mSuccessfully compiled "target/cljsbuild/public/js/app.js" in 0.399 seconds.[0m
[0mCompiling "target/cljsbuild/public/js/app.js" from ["src/cljs" "src/cljc" "env/dev/cljs"]...[0m
[32mSuccessfully compiled "target/cljsbuild/public/js/app.js" in 0.403 seconds.[0m
notifying browser that file changed:  out/poytikset/core.js
[0mCompiling "target/cljsbuild/public/js/app.js" from ["src/cljs" "src/cljc" "env/dev/cljs"]...[0m
[32mSuccessfully compiled "target/cljsbuild/public/js/app.js" in 0.451 seconds.[0m
notifying browser that file changed:  out/poytikset/core.js
[0mCompiling "target/cljsbuild/public/js/app.js" from ["src/cljs" "src/cljc" "env/dev/cljs"]...[0m
[32mSuccessfully compiled "target/cljsbuild/public/js/app.js" in 0.514 seconds.[0m
notifying browser that file changed:  out/poytikset/core.js
[0mCompiling "target/cljsbuild/public/js/app.js" from ["src/cljs" "src/cljc" "env/dev/cljs"]...[0m
[32mSuccessfully compiled "target/cljsbuild/public/js/app.js" in 0.503 seconds.[0m
notifying browser that file changed:  out/poytikset/core.js
[0mCompiling "target/cljsbuild/public/js/app.js" from ["src/cljs" "src/cljc" "env/dev/cljs"]...[0m
[32mSuccessfully compiled "target/cljsbuild/public/js/app.js" in 0.428 seconds.[0m
notifying browser that file changed:  out/poytikset/core.js
[0mCompiling "target/cljsbuild/public/js/app.js" from ["src/cljs" "src/cljc" "env/dev/cljs"]...[0m
[32mSuccessfully compiled "target/cljsbuild/public/js/app.js" in 0.418 seconds.[0m
notifying browser that file changed:  out/poytikset/core.js
[0mCompiling "target/cljsbuild/public/js/app.js" from ["src/cljs" "src/cljc" "env/dev/cljs"]...[0m
[32mSuccessfully compiled "target/cljsbuild/public/js/app.js" in 0.469 seconds.[0m
notifying browser that file changed:  out/poytikset/core.js
[0mCompiling "target/cljsbuild/public/js/app.js" from ["src/cljs" "src/cljc" "env/dev/cljs"]...[0m
[32mSuccessfully compiled "target/cljsbuild/public/js/app.js" in 0.398 seconds.[0m
notifying browser that file changed:  out/poytikset/core.js
[0mCompiling "target/cljsbuild/public/js/app.js" from ["src/cljs" "src/cljc" "env/dev/cljs"]...[0m
[32mSuccessfully compiled "target/cljsbuild/public/js/app.js" in 2.44 seconds.[0m
notifying browser that file changed:  out/poytikset/core.js
[0mCompiling "target/cljsbuild/public/js/app.js" from ["src/cljs" "src/cljc" "env/dev/cljs"]...[0m
[32mSuccessfully compiled "target/cljsbuild/public/js/app.js" in 0.438 seconds.[0m
notifying browser that file changed:  out/poytikset/core.js
[0mCompiling "target/cljsbuild/public/js/app.js" from ["src/cljs" "src/cljc" "env/dev/cljs"]...[0m
[32mSuccessfully compiled "target/cljsbuild/public/js/app.js" in 0.379 seconds.[0m
[0mCompiling "target/cljsbuild/public/js/app.js" from ["src/cljs" "src/cljc" "env/dev/cljs"]...[0m
[32mSuccessfully compiled "target/cljsbuild/public/js/app.js" in 0.338 seconds.[0m
notifying browser that file changed:  out/poytikset/core.js
[0mCompiling "target/cljsbuild/public/js/app.js" from ["src/cljs" "src/cljc" "env/dev/cljs"]...[0m
[36m----  Compiler Warning on   src/cljs/poytikset/core.cljs   line:40  column:8  ----[0m

  [1mNo such namespace: Thread, could not locate Thread.cljs, Thread.cljc, or Closure namespace ""[0m

  [36m36[0m  [36m(defn new-sent [][0m
  [36m37[0m  [36m  (go[0m
  [36m38[0m  [36m    (let [response (<! (http/get "/generate"))][0m
  [36m39[0m  [36m      (reset! sent (:body response))[0m
  [33m40[0m  [1m      (Thread/sleep 100))))[0m
  [0m  [0m  [33m       ^--- No such namespace: Thread, could not locate Thread.cljs, Thread.cljc, or Closure namespace ""[0m
  [36m41[0m  [36m[0m
  [36m42[0m  [36m;; -------------------------[0m
  [36m43[0m  [36m[0m
  [36m44[0m  [36m;; -------------------------[0m
  [36m45[0m  [36m;; Routes[0m

[36m----  Compiler Warning : Please see src/cljs/poytikset/core.cljs  ----[0m
[36m----  Compiler Warning on   src/cljs/poytikset/core.cljs   line:40  column:8  ----[0m

  [1mUse of undeclared Var Thread/sleep[0m

  [36m36[0m  [36m(defn new-sent [][0m
  [36m37[0m  [36m  (go[0m
  [36m38[0m  [36m    (let [response (<! (http/get "/generate"))][0m
  [36m39[0m  [36m      (reset! sent (:body response))[0m
  [33m40[0m  [1m      (Thread/sleep 100))))[0m
  [0m  [0m  [33m       ^--- Use of undeclared Var Thread/sleep[0m
  [36m41[0m  [36m[0m
  [36m42[0m  [36m;; -------------------------[0m
  [36m43[0m  [36m[0m
  [36m44[0m  [36m;; -------------------------[0m
  [36m45[0m  [36m;; Routes[0m

[36m----  Compiler Warning : Please see src/cljs/poytikset/core.cljs  ----[0m
[32mSuccessfully compiled "target/cljsbuild/public/js/app.js" in 1.686 seconds.[0m
notifying browser that file changed:  out/poytikset/core.js
[0mCompiling "target/cljsbuild/public/js/app.js" from ["src/cljs" "src/cljc" "env/dev/cljs"]...[0m
[32mSuccessfully compiled "target/cljsbuild/public/js/app.js" in 0.344 seconds.[0m
notifying browser that file changed:  out/poytikset/core.js
[0mCompiling "target/cljsbuild/public/js/app.js" from ["src/cljs" "src/cljc" "env/dev/cljs"]...[0m
[36m----  Compiler Warning on   src/cljs/poytikset/core.cljs   line:41  column:10  ----[0m

  [1mNo such namespace: Thread, could not locate Thread.cljs, Thread.cljc, or Closure namespace ""[0m

  [36m37[0m  [36m  (go[0m
  [36m38[0m  [36m    (let [response (<! (http/get "/generate"))][0m
  [36m39[0m  [36m      (reset! sent (:body response))[0m
  [36m40[0m  [36m      (do [0m
  [33m41[0m  [1m        (Thread/sleep 100)[0m
  [0m  [0m  [33m         ^--- No such namespace: Thread, could not locate Thread.cljs, Thread.cljc, or Closure namespace ""[0m
  [36m42[0m  [36m        (new-sent)))))[0m
  [36m43[0m  [36m[0m
  [36m44[0m  [36m;; -------------------------[0m
  [36m45[0m  [36m[0m
  [36m46[0m  [36m;; -------------------------[0m

[36m----  Compiler Warning : Please see src/cljs/poytikset/core.cljs  ----[0m
[36m----  Compiler Warning on   src/cljs/poytikset/core.cljs   line:41  column:10  ----[0m

  [1mUse of undeclared Var Thread/sleep[0m

  [36m37[0m  [36m  (go[0m
  [36m38[0m  [36m    (let [response (<! (http/get "/generate"))][0m
  [36m39[0m  [36m      (reset! sent (:body response))[0m
  [36m40[0m  [36m      (do [0m
  [33m41[0m  [1m        (Thread/sleep 100)[0m
  [0m  [0m  [33m         ^--- Use of undeclared Var Thread/sleep[0m
  [36m42[0m  [36m        (new-sent)))))[0m
  [36m43[0m  [36m[0m
  [36m44[0m  [36m;; -------------------------[0m
  [36m45[0m  [36m[0m
  [36m46[0m  [36m;; -------------------------[0m

[36m----  Compiler Warning : Please see src/cljs/poytikset/core.cljs  ----[0m
[32mSuccessfully compiled "target/cljsbuild/public/js/app.js" in 0.586 seconds.[0m
notifying browser that file changed:  out/poytikset/core.js
[0mCompiling "target/cljsbuild/public/js/app.js" from ["src/cljs" "src/cljc" "env/dev/cljs"]...[0m
[32mSuccessfully compiled "target/cljsbuild/public/js/app.js" in 0.344 seconds.[0m
notifying browser that file changed:  out/poytikset/core.js
[0mCompiling "target/cljsbuild/public/js/app.js" from ["src/cljs" "src/cljc" "env/dev/cljs"]...[0m
[32mSuccessfully compiled "target/cljsbuild/public/js/app.js" in 0.355 seconds.[0m
[0mCompiling "target/cljsbuild/public/js/app.js" from ["src/cljs" "src/cljc" "env/dev/cljs"]...[0m
[32mSuccessfully compiled "target/cljsbuild/public/js/app.js" in 0.33 seconds.[0m
notifying browser that file changed:  out/poytikset/core.js
[0mCompiling "target/cljsbuild/public/js/app.js" from ["src/cljs" "src/cljc" "env/dev/cljs"]...[0m
[32mSuccessfully compiled "target/cljsbuild/public/js/app.js" in 0.415 seconds.[0m
notifying browser that file changed:  out/poytikset/core.js
[0mCompiling "target/cljsbuild/public/js/app.js" from ["src/cljs" "src/cljc" "env/dev/cljs"]...[0m
[32mSuccessfully compiled "target/cljsbuild/public/js/app.js" in 0.408 seconds.[0m
notifying browser that file changed:  out/poytikset/core.js
[0mCompiling "target/cljsbuild/public/js/app.js" from ["src/cljs" "src/cljc" "env/dev/cljs"]...[0m
[32mSuccessfully compiled "target/cljsbuild/public/js/app.js" in 0.429 seconds.[0m
[0mCompiling "target/cljsbuild/public/js/app.js" from ["src/cljs" "src/cljc" "env/dev/cljs"]...[0m
[32mSuccessfully compiled "target/cljsbuild/public/js/app.js" in 0.574 seconds.[0m
notifying browser that file changed:  out/poytikset/core.js
[0mCompiling "target/cljsbuild/public/js/app.js" from ["src/cljs" "src/cljc" "env/dev/cljs"]...[0m
[32mSuccessfully compiled "target/cljsbuild/public/js/app.js" in 0.598 seconds.[0m
notifying browser that file changed:  out/poytikset/core.js
[0mCompiling "target/cljsbuild/public/js/app.js" from ["src/cljs" "src/cljc" "env/dev/cljs"]...[0m
[32mSuccessfully compiled "target/cljsbuild/public/js/app.js" in 3.078 seconds.[0m
notifying browser that file changed:  target/cljsbuild/public/js/out/goog/deps.js
notifying browser that file changed:  target/cljsbuild/public/js/out/cljs_deps.js
notifying browser that file changed:  out/poytikset/core.js
[0mCompiling "target/cljsbuild/public/js/app.js" from ["src/cljs" "src/cljc" "env/dev/cljs"]...[0m
[32mSuccessfully compiled "target/cljsbuild/public/js/app.js" in 0.58 seconds.[0m
notifying browser that file changed:  out/poytikset/core.js
[0mCompiling "target/cljsbuild/public/js/app.js" from ["src/cljs" "src/cljc" "env/dev/cljs"]...[0m
[36m----  Compiler Warning on   src/cljs/poytikset/core.cljs   line:37  column:3  ----[0m

  [1mWrong number of args (4) passed to cljs.core.async.impl.ioc-helpers/take![0m

  [36m33[0m  [36m;; -------------------------[0m
  [36m34[0m  [36m;; Data fetching[0m
  [36m35[0m  [36m[0m
  [36m36[0m  [36m(defn new-sent [][0m
  [33m37[0m  [1m  (go[0m
  [0m  [0m  [33m  ^--- Wrong number of args (4) passed to cljs.core.async.impl.ioc-helpers/take![0m
  [36m38[0m  [36m    (let [response (<! (http/get "/generate"))][0m
  [36m39[0m  [36m      (reset! sent (:body response))[0m
  [36m40[0m  [36m      (<! timeout 1000))))[0m
  [36m41[0m  [36m[0m
  [36m42[0m  [36m;; -------------------------[0m

[36m----  Compiler Warning : Please see src/cljs/poytikset/core.cljs  ----[0m
[32mSuccessfully compiled "target/cljsbuild/public/js/app.js" in 0.865 seconds.[0m
notifying browser that file changed:  out/poytikset/core.js
[0mCompiling "target/cljsbuild/public/js/app.js" from ["src/cljs" "src/cljc" "env/dev/cljs"]...[0m
[32mSuccessfully compiled "target/cljsbuild/public/js/app.js" in 0.492 seconds.[0m
notifying browser that file changed:  out/poytikset/core.js
[0mCompiling "target/cljsbuild/public/js/app.js" from ["src/cljs" "src/cljc" "env/dev/cljs"]...[0m
[31mFailed to compile "target/cljsbuild/public/js/app.js" in 0.464 seconds.[0m
[36m----  Could not Read  src/cljs/poytikset/core.cljs   line:36  column:1  ----[0m

  [1mEOF while reading, starting at line 36 and column 1[0m

  [36m34[0m  [36m;; Data fetching[0m
  [36m35[0m  [36m[0m
  [33m36[0m  [1m(defn new-sent [][0m
  [0m  [0m  [33m^--- EOF while reading, starting at line 36 and column 1[0m
  [36m37[0m  [36m  (go[0m
  [36m38[0m  [36m    (loop[0m
  [36m39[0m  [36m      (let [response (<! (http/get "/generate"))][0m

[36m----  Reader Error : Please see src/cljs/poytikset/core.cljs  ----[0m
[0mCompiling "target/cljsbuild/public/js/app.js" from ["src/cljs" "src/cljc" "env/dev/cljs"]...[0m
[32mSuccessfully compiled "target/cljsbuild/public/js/app.js" in 0.522 seconds.[0m
notifying browser that file changed:  out/poytikset/core.js
[0mCompiling "target/cljsbuild/public/js/app.js" from ["src/cljs" "src/cljc" "env/dev/cljs"]...[0m
[31mFailed to compile "target/cljsbuild/public/js/app.js" in 0.419 seconds.[0m
[36m----  Could not Analyze  src/cljs/poytikset/core.cljs   line:37  column:3  ----[0m

  [1mloop requires a vector for its binding[0m

  [36m36[0m  [36m(defn new-sent [][0m
  [33m37[0m  [1m  (go[0m
  [0m  [0m  [33m  ^--- loop requires a vector for its binding[0m
  [36m38[0m  [36m    (loop[0m
  [36m39[0m  [36m      (let [response (<! (http/get "/generate"))][0m
  [36m40[0m  [36m        (reset! sent (:body response))[0m

[36m----  Analysis Error : Please see src/cljs/poytikset/core.cljs  ----[0m
[0mCompiling "target/cljsbuild/public/js/app.js" from ["src/cljs" "src/cljc" "env/dev/cljs"]...[0m
[32mSuccessfully compiled "target/cljsbuild/public/js/app.js" in 0.512 seconds.[0m
notifying browser that file changed:  out/poytikset/core.js
[0mCompiling "target/cljsbuild/public/js/app.js" from ["src/cljs" "src/cljc" "env/dev/cljs"]...[0m
[36m----  Compiler Warning on   src/cljs/poytikset/core.cljs   line:37  column:3  ----[0m

  [1mWrong number of args (4) passed to cljs.core.async.impl.ioc-helpers/take![0m

  [36m33[0m  [36m;; -------------------------[0m
  [36m34[0m  [36m;; Data fetching[0m
  [36m35[0m  [36m[0m
  [36m36[0m  [36m(defn new-sent [][0m
  [33m37[0m  [1m  (go[0m
  [0m  [0m  [33m  ^--- Wrong number of args (4) passed to cljs.core.async.impl.ioc-helpers/take![0m
  [36m38[0m  [36m    (let [response (<! (http/get "/generate"))][0m
  [36m39[0m  [36m      (reset! sent (:body response))[0m
  [36m40[0m  [36m      (<! timeout 1000)[0m
  [36m41[0m  [36m      (new-sent))))[0m

[36m----  Compiler Warning : Please see src/cljs/poytikset/core.cljs  ----[0m
[32mSuccessfully compiled "target/cljsbuild/public/js/app.js" in 3.217 seconds.[0m
notifying browser that file changed:  target/cljsbuild/public/js/out/goog/deps.js
notifying browser that file changed:  target/cljsbuild/public/js/out/cljs_deps.js
notifying browser that file changed:  out/poytikset/core.js
[0mCompiling "target/cljsbuild/public/js/app.js" from ["src/cljs" "src/cljc" "env/dev/cljs"]...[0m
[32mSuccessfully compiled "target/cljsbuild/public/js/app.js" in 0.638 seconds.[0m
notifying browser that file changed:  out/poytikset/core.js
[0mCompiling "target/cljsbuild/public/js/app.js" from ["src/cljs" "src/cljc" "env/dev/cljs"]...[0m
[31mFailed to compile "target/cljsbuild/public/js/app.js" in 0.57 seconds.[0m
[36m----  Could not Analyze  src/cljs/poytikset/core.cljs   line:37  column:3  ----[0m

  [1mloop requires a vector for its binding[0m

  [36m36[0m  [36m(defn new-sent [][0m
  [33m37[0m  [1m  (go[0m
  [0m  [0m  [33m  ^--- loop requires a vector for its binding[0m
  [36m38[0m  [36m    (loop[0m
  [36m39[0m  [36m    (let [response (<! (http/get "/generate"))][0m
  [36m40[0m  [36m      (reset! sent (:body response))[0m

[36m----  Analysis Error : Please see src/cljs/poytikset/core.cljs  ----[0m
[0mCompiling "target/cljsbuild/public/js/app.js" from ["src/cljs" "src/cljc" "env/dev/cljs"]...[0m
[31mFailed to compile "target/cljsbuild/public/js/app.js" in 0.547 seconds.[0m
[36m----  Could not Analyze  src/cljs/poytikset/core.cljs   line:37  column:3  ----[0m

  [1mloop requires a vector for its binding[0m

  [36m36[0m  [36m(defn new-sent [][0m
  [33m37[0m  [1m  (go[0m
  [0m  [0m  [33m  ^--- loop requires a vector for its binding[0m
  [36m38[0m  [36m    (loop[0m
  [36m39[0m  [36m    (let [response (<! (http/get "/generate"))][0m
  [36m40[0m  [36m      (reset! sent (:body response))[0m

[36m----  Analysis Error : Please see src/cljs/poytikset/core.cljs  ----[0m
[0mCompiling "target/cljsbuild/public/js/app.js" from ["src/cljs" "src/cljc" "env/dev/cljs"]...[0m
[36m----  Compiler Warning on   src/cljs/poytikset/core.cljs   line:37  column:3  ----[0m

  [1mWrong number of args (4) passed to cljs.core.async.impl.ioc-helpers/take![0m

  [36m33[0m  [36m;; -------------------------[0m
  [36m34[0m  [36m;; Data fetching[0m
  [36m35[0m  [36m[0m
  [36m36[0m  [36m(defn new-sent [][0m
  [33m37[0m  [1m  (go[0m
  [0m  [0m  [33m  ^--- Wrong number of args (4) passed to cljs.core.async.impl.ioc-helpers/take![0m
  [36m38[0m  [36m    (loop [][0m
  [36m39[0m  [36m      (let [response (<! (http/get "/generate"))][0m
  [36m40[0m  [36m        (reset! sent (:body response))[0m
  [36m41[0m  [36m        (<! timeout 1000)[0m
  [36m42[0m  [36m        (recur)))))[0m

[36m----  Compiler Warning : Please see src/cljs/poytikset/core.cljs  ----[0m
[32mSuccessfully compiled "target/cljsbuild/public/js/app.js" in 0.834 seconds.[0m
notifying browser that file changed:  out/poytikset/core.js
[0mCompiling "target/cljsbuild/public/js/app.js" from ["src/cljs" "src/cljc" "env/dev/cljs"]...[0m
[32mSuccessfully compiled "target/cljsbuild/public/js/app.js" in 0.499 seconds.[0m
notifying browser that file changed:  out/poytikset/core.js
[0mCompiling "target/cljsbuild/public/js/app.js" from ["src/cljs" "src/cljc" "env/dev/cljs"]...[0m
[31mFailed to compile "target/cljsbuild/public/js/app.js" in 0.386 seconds.[0m
[36m----  Could not Analyze  src/cljs/poytikset/core.cljs   line:37  column:3  ----[0m

  [1mAssert failed: Wrong number of arguments to recur
(= (count val-ids) (count recurs))[0m

  [36m36[0m  [36m(defn new-sent [][0m
  [33m37[0m  [1m  (go[0m
  [0m  [0m  [33m  ^--- Assert failed: Wrong number of arguments to recur
(= (count val-ids) (count recurs))[0m
  [36m38[0m  [36m    (loop [i 0][0m
  [36m39[0m  [36m      (let [response (<! (http/get "/generate"))][0m
  [36m40[0m  [36m        (reset! sent (:body response))[0m

[36m----  Analysis Error : Please see src/cljs/poytikset/core.cljs  ----[0m
[0mCompiling "target/cljsbuild/public/js/app.js" from ["src/cljs" "src/cljc" "env/dev/cljs"]...[0m
[32mSuccessfully compiled "target/cljsbuild/public/js/app.js" in 0.512 seconds.[0m
notifying browser that file changed:  out/poytikset/core.js
[0mCompiling "target/cljsbuild/public/js/app.js" from ["src/cljs" "src/cljc" "env/dev/cljs"]...[0m
[36m----  Compiler Warning on   src/cljs/poytikset/core.cljs   line:37  column:3  ----[0m

  [1mWrong number of args (4) passed to cljs.core.async.impl.ioc-helpers/take![0m

  [36m33[0m  [36m;; -------------------------[0m
  [36m34[0m  [36m;; Data fetching[0m
  [36m35[0m  [36m[0m
  [36m36[0m  [36m(defn new-sent [][0m
  [33m37[0m  [1m  (go[0m
  [0m  [0m  [33m  ^--- Wrong number of args (4) passed to cljs.core.async.impl.ioc-helpers/take![0m
  [36m38[0m  [36m    (loop [i 0][0m
  [36m39[0m  [36m      (let [response (<! (http/get "/generate"))][0m
  [36m40[0m  [36m        (reset! sent (:body response))[0m
  [36m41[0m  [36m        (<! timeout 1000)[0m
  [36m42[0m  [36m        (recur (inc i))))))[0m

[36m----  Compiler Warning : Please see src/cljs/poytikset/core.cljs  ----[0m
[32mSuccessfully compiled "target/cljsbuild/public/js/app.js" in 0.903 seconds.[0m
notifying browser that file changed:  out/poytikset/core.js
[0mCompiling "target/cljsbuild/public/js/app.js" from ["src/cljs" "src/cljc" "env/dev/cljs"]...[0m
[32mSuccessfully compiled "target/cljsbuild/public/js/app.js" in 0.532 seconds.[0m
notifying browser that file changed:  out/poytikset/core.js
[0mCompiling "target/cljsbuild/public/js/app.js" from ["src/cljs" "src/cljc" "env/dev/cljs"]...[0m
[32mSuccessfully compiled "target/cljsbuild/public/js/app.js" in 0.573 seconds.[0m
notifying browser that file changed:  out/poytikset/core.js
[0mCompiling "target/cljsbuild/public/js/app.js" from ["src/cljs" "src/cljc" "env/dev/cljs"]...[0m
[32mSuccessfully compiled "target/cljsbuild/public/js/app.js" in 0.469 seconds.[0m
notifying browser that file changed:  out/poytikset/core.js
[0mCompiling "target/cljsbuild/public/js/app.js" from ["src/cljs" "src/cljc" "env/dev/cljs"]...[0m
[32mSuccessfully compiled "target/cljsbuild/public/js/app.js" in 0.538 seconds.[0m
notifying browser that file changed:  out/poytikset/core.js
[0mCompiling "target/cljsbuild/public/js/app.js" from ["src/cljs" "src/cljc" "env/dev/cljs"]...[0m
[32mSuccessfully compiled "target/cljsbuild/public/js/app.js" in 0.455 seconds.[0m
notifying browser that file changed:  out/poytikset/core.js
[0mCompiling "target/cljsbuild/public/js/app.js" from ["src/cljs" "src/cljc" "env/dev/cljs"]...[0m
[32mSuccessfully compiled "target/cljsbuild/public/js/app.js" in 0.574 seconds.[0m
[0mCompiling "target/cljsbuild/public/js/app.js" from ["src/cljs" "src/cljc" "env/dev/cljs"]...[0m
[32mSuccessfully compiled "target/cljsbuild/public/js/app.js" in 0.361 seconds.[0m
notifying browser that file changed:  out/poytikset/core.js
[0mCompiling "target/cljsbuild/public/js/app.js" from ["src/cljs" "src/cljc" "env/dev/cljs"]...[0m
[32mSuccessfully compiled "target/cljsbuild/public/js/app.js" in 0.517 seconds.[0m
[0mCompiling "target/cljsbuild/public/js/app.js" from ["src/cljs" "src/cljc" "env/dev/cljs"]...[0m
[32mSuccessfully compiled "target/cljsbuild/public/js/app.js" in 0.317 seconds.[0m
notifying browser that file changed:  out/poytikset/core.js
[0mCompiling "target/cljsbuild/public/js/app.js" from ["src/cljs" "src/cljc" "env/dev/cljs"]...[0m
[32mSuccessfully compiled "target/cljsbuild/public/js/app.js" in 0.561 seconds.[0m
notifying browser that file changed:  out/poytikset/core.js
[0mCompiling "target/cljsbuild/public/js/app.js" from ["src/cljs" "src/cljc" "env/dev/cljs"]...[0m
[32mSuccessfully compiled "target/cljsbuild/public/js/app.js" in 0.376 seconds.[0m
notifying browser that file changed:  out/poytikset/core.js
[0mCompiling "target/cljsbuild/public/js/app.js" from ["src/cljs" "src/cljc" "env/dev/cljs"]...[0m
[32mSuccessfully compiled "target/cljsbuild/public/js/app.js" in 0.67 seconds.[0m
notifying browser that file changed:  out/poytikset/core.js
[0mCompiling "target/cljsbuild/public/js/app.js" from ["src/cljs" "src/cljc" "env/dev/cljs"]...[0m
[32mSuccessfully compiled "target/cljsbuild/public/js/app.js" in 0.55 seconds.[0m
notifying browser that file changed:  out/poytikset/core.js
[0mCompiling "target/cljsbuild/public/js/app.js" from ["src/cljs" "src/cljc" "env/dev/cljs"]...[0m
[32mSuccessfully compiled "target/cljsbuild/public/js/app.js" in 0.575 seconds.[0m
[0mCompiling "target/cljsbuild/public/js/app.js" from ["src/cljs" "src/cljc" "env/dev/cljs"]...[0m
[32mSuccessfully compiled "target/cljsbuild/public/js/app.js" in 0.313 seconds.[0m
notifying browser that file changed:  out/poytikset/core.js
[0mCompiling "target/cljsbuild/public/js/app.js" from ["src/cljs" "src/cljc" "env/dev/cljs"]...[0m
[32mSuccessfully compiled "target/cljsbuild/public/js/app.js" in 0.479 seconds.[0m
notifying browser that file changed:  out/poytikset/core.js
[0mCompiling "target/cljsbuild/public/js/app.js" from ["src/cljs" "src/cljc" "env/dev/cljs"]...[0m
[32mSuccessfully compiled "target/cljsbuild/public/js/app.js" in 0.468 seconds.[0m
notifying browser that file changed:  out/poytikset/core.js
[0mCompiling "target/cljsbuild/public/js/app.js" from ["src/cljs" "src/cljc" "env/dev/cljs"]...[0m
[32mSuccessfully compiled "target/cljsbuild/public/js/app.js" in 0.43 seconds.[0m
[0mCompiling "target/cljsbuild/public/js/app.js" from ["src/cljs" "src/cljc" "env/dev/cljs"]...[0m
[32mSuccessfully compiled "target/cljsbuild/public/js/app.js" in 0.392 seconds.[0m
notifying browser that file changed:  out/poytikset/core.js
[0mCompiling "target/cljsbuild/public/js/app.js" from ["src/cljs" "src/cljc" "env/dev/cljs"]...[0m
[32mSuccessfully compiled "target/cljsbuild/public/js/app.js" in 0.384 seconds.[0m
notifying browser that file changed:  out/poytikset/core.js
[0mCompiling "target/cljsbuild/public/js/app.js" from ["src/cljs" "src/cljc" "env/dev/cljs"]...[0m
[32mSuccessfully compiled "target/cljsbuild/public/js/app.js" in 0.411 seconds.[0m
notifying browser that file changed:  out/poytikset/core.js
[0mCompiling "target/cljsbuild/public/js/app.js" from ["src/cljs" "src/cljc" "env/dev/cljs"]...[0m
[32mSuccessfully compiled "target/cljsbuild/public/js/app.js" in 0.525 seconds.[0m
[0mCompiling "target/cljsbuild/public/js/app.js" from ["src/cljs" "src/cljc" "env/dev/cljs"]...[0m
[32mSuccessfully compiled "target/cljsbuild/public/js/app.js" in 0.307 seconds.[0m
notifying browser that file changed:  out/poytikset/core.js
[0mCompiling "target/cljsbuild/public/js/app.js" from ["src/cljs" "src/cljc" "env/dev/cljs"]...[0m
[32mSuccessfully compiled "target/cljsbuild/public/js/app.js" in 0.418 seconds.[0m
notifying browser that file changed:  out/poytikset/core.js
[0mCompiling "target/cljsbuild/public/js/app.js" from ["src/cljs" "src/cljc" "env/dev/cljs"]...[0m
[32mSuccessfully compiled "target/cljsbuild/public/js/app.js" in 0.362 seconds.[0m
notifying browser that file changed:  out/poytikset/core.js
sending changed CSS file: resources/public/css/screen.css
sending changed CSS file: resources/public/css/screen.css
sending changed CSS file: resources/public/css/screen.css
sending changed CSS file: resources/public/css/screen.css
sending changed CSS file: resources/public/css/screen.css
sending changed CSS file: resources/public/css/screen.css
sending changed CSS file: resources/public/css/screen.css
sending changed CSS file: resources/public/css/screen.css
sending changed CSS file: resources/public/css/screen.css
sending changed CSS file: resources/public/css/screen.css
[0mCompiling "target/cljsbuild/public/js/app.js" from ["src/cljs" "src/cljc" "env/dev/cljs"]...[0m
[32mSuccessfully compiled "target/cljsbuild/public/js/app.js" in 0.485 seconds.[0m
[0mCompiling "target/cljsbuild/public/js/app.js" from ["src/cljs" "src/cljc" "env/dev/cljs"]...[0m
[32mSuccessfully compiled "target/cljsbuild/public/js/app.js" in 0.348 seconds.[0m
notifying browser that file changed:  out/poytikset/core.js
[0mCompiling "target/cljsbuild/public/js/app.js" from ["src/cljs" "src/cljc" "env/dev/cljs"]...[0m
[32mSuccessfully compiled "target/cljsbuild/public/js/app.js" in 0.471 seconds.[0m
[0mCompiling "target/cljsbuild/public/js/app.js" from ["src/cljs" "src/cljc" "env/dev/cljs"]...[0m
[32mSuccessfully compiled "target/cljsbuild/public/js/app.js" in 0.31 seconds.[0m
notifying browser that file changed:  out/poytikset/core.js
sending changed CSS file: resources/public/css/screen.css
sending changed CSS file: resources/public/css/screen.css
sending changed CSS file: resources/public/css/screen.css
[0mCompiling "target/cljsbuild/public/js/app.js" from ["src/cljs" "src/cljc" "env/dev/cljs"]...[0m
[32mSuccessfully compiled "target/cljsbuild/public/js/app.js" in 0.445 seconds.[0m
[0mCompiling "target/cljsbuild/public/js/app.js" from ["src/cljs" "src/cljc" "env/dev/cljs"]...[0m
[32mSuccessfully compiled "target/cljsbuild/public/js/app.js" in 0.343 seconds.[0m
notifying browser that file changed:  out/poytikset/core.js
[0mCompiling "target/cljsbuild/public/js/app.js" from ["src/cljs" "src/cljc" "env/dev/cljs"]...[0m
[32mSuccessfully compiled "target/cljsbuild/public/js/app.js" in 0.429 seconds.[0m
[0mCompiling "target/cljsbuild/public/js/app.js" from ["src/cljs" "src/cljc" "env/dev/cljs"]...[0m
[32mSuccessfully compiled "target/cljsbuild/public/js/app.js" in 0.405 seconds.[0m
notifying browser that file changed:  out/poytikset/core.js
sending changed CSS file: resources/public/css/screen.css
sending changed CSS file: resources/public/css/screen.css
sending changed CSS file: resources/public/css/screen.css
sending changed CSS file: resources/public/css/screen.css
sending changed CSS file: resources/public/css/screen.css
sending changed CSS file: resources/public/css/screen.css
sending changed CSS file: resources/public/css/screen.css
sending changed CSS file: resources/public/css/screen.css
sending changed CSS file: resources/public/css/screen.css
sending changed CSS file: resources/public/css/screen.css
sending changed CSS file: resources/public/css/screen.css
sending changed CSS file: resources/public/css/screen.css
sending changed CSS file: resources/public/css/screen.css
sending changed CSS file: resources/public/css/screen.css
sending changed CSS file: resources/public/css/screen.css
sending changed CSS file: resources/public/css/screen.css
sending changed CSS file: resources/public/css/screen.css
sending changed CSS file: resources/public/css/screen.css
sending changed CSS file: resources/public/css/screen.css
